{"/home/kiendrebeogo-moussa/projects/LibraFlow/backend/src/server.ts": {"path":"/home/kiendrebeogo-moussa/projects/LibraFlow/backend/src/server.ts","statementMap":{"0":{"start":{"line":31,"column":0},"end":{"line":37,"column":null}},"1":{"start":{"line":32,"column":2},"end":{"line":36,"column":null}},"2":{"start":{"line":39,"column":6},"end":{"line":39,"column":null}},"3":{"start":{"line":43,"column":0},"end":{"line":43,"column":null}},"4":{"start":{"line":44,"column":0},"end":{"line":55,"column":null}},"5":{"start":{"line":56,"column":0},"end":{"line":56,"column":null}},"6":{"start":{"line":57,"column":0},"end":{"line":57,"column":null}},"7":{"start":{"line":58,"column":0},"end":{"line":58,"column":null}},"8":{"start":{"line":62,"column":0},"end":{"line":62,"column":null}},"9":{"start":{"line":66,"column":20},"end":{"line":66,"column":null}},"10":{"start":{"line":67,"column":0},"end":{"line":73,"column":null}},"11":{"start":{"line":68,"column":21},"end":{"line":68,"column":null}},"12":{"start":{"line":69,"column":2},"end":{"line":72,"column":null}},"13":{"start":{"line":77,"column":0},"end":{"line":101,"column":null}},"14":{"start":{"line":78,"column":20},"end":{"line":78,"column":null}},"15":{"start":{"line":79,"column":23},"end":{"line":79,"column":null}},"16":{"start":{"line":81,"column":2},"end":{"line":86,"column":null}},"17":{"start":{"line":82,"column":22},"end":{"line":82,"column":null}},"18":{"start":{"line":83,"column":4},"end":{"line":83,"column":null}},"19":{"start":{"line":85,"column":4},"end":{"line":85,"column":null}},"20":{"start":{"line":88,"column":2},"end":{"line":93,"column":null}},"21":{"start":{"line":89,"column":17},"end":{"line":89,"column":null}},"22":{"start":{"line":90,"column":4},"end":{"line":90,"column":null}},"23":{"start":{"line":92,"column":4},"end":{"line":92,"column":null}},"24":{"start":{"line":95,"column":2},"end":{"line":100,"column":null}},"25":{"start":{"line":104,"column":0},"end":{"line":104,"column":null}},"26":{"start":{"line":105,"column":0},"end":{"line":105,"column":null}},"27":{"start":{"line":106,"column":0},"end":{"line":106,"column":null}},"28":{"start":{"line":107,"column":0},"end":{"line":107,"column":null}},"29":{"start":{"line":108,"column":0},"end":{"line":108,"column":null}},"30":{"start":{"line":109,"column":0},"end":{"line":109,"column":null}},"31":{"start":{"line":110,"column":0},"end":{"line":110,"column":null}},"32":{"start":{"line":111,"column":0},"end":{"line":111,"column":null}},"33":{"start":{"line":112,"column":0},"end":{"line":112,"column":null}},"34":{"start":{"line":113,"column":0},"end":{"line":113,"column":null}},"35":{"start":{"line":114,"column":0},"end":{"line":114,"column":null}},"36":{"start":{"line":117,"column":0},"end":{"line":117,"column":null}},"37":{"start":{"line":122,"column":2},"end":{"line":122,"column":null}},"38":{"start":{"line":123,"column":2},"end":{"line":123,"column":null}},"39":{"start":{"line":124,"column":2},"end":{"line":124,"column":null}},"40":{"start":{"line":126,"column":2},"end":{"line":131,"column":null}},"41":{"start":{"line":127,"column":4},"end":{"line":130,"column":null}},"42":{"start":{"line":134,"column":0},"end":{"line":139,"column":null}},"43":{"start":{"line":135,"column":2},"end":{"line":138,"column":null}},"44":{"start":{"line":136,"column":4},"end":{"line":136,"column":null}},"45":{"start":{"line":137,"column":4},"end":{"line":137,"column":null}}},"fnMap":{"0":{"name":"(anonymous_0)","decl":{"start":{"line":77,"column":19},"end":{"line":77,"column":26}},"loc":{"start":{"line":77,"column":40},"end":{"line":101,"column":1}},"line":77},"1":{"name":"bootstrap","decl":{"start":{"line":121,"column":15},"end":{"line":121,"column":42}},"loc":{"start":{"line":121,"column":42},"end":{"line":132,"column":null}},"line":121},"2":{"name":"(anonymous_2)","decl":{"start":{"line":126,"column":17},"end":{"line":126,"column":29}},"loc":{"start":{"line":126,"column":29},"end":{"line":131,"column":3}},"line":126},"3":{"name":"(anonymous_3)","decl":{"start":{"line":135,"column":14},"end":{"line":135,"column":21}},"loc":{"start":{"line":135,"column":38},"end":{"line":138,"column":3}},"line":135}},"branchMap":{"0":{"loc":{"start":{"line":31,"column":0},"end":{"line":37,"column":null}},"type":"if","locations":[{"start":{"line":31,"column":0},"end":{"line":37,"column":null}},{"start":{},"end":{}}],"line":31},"1":{"loc":{"start":{"line":35,"column":22},"end":{"line":35,"column":null}},"type":"cond-expr","locations":[{"start":{"line":35,"column":53},"end":{"line":35,"column":59}},{"start":{"line":35,"column":59},"end":{"line":35,"column":null}}],"line":35},"2":{"loc":{"start":{"line":48,"column":10},"end":{"line":48,"column":null}},"type":"cond-expr","locations":[{"start":{"line":48,"column":35},"end":{"line":48,"column":62}},{"start":{"line":48,"column":62},"end":{"line":48,"column":null}}],"line":48},"3":{"loc":{"start":{"line":49,"column":10},"end":{"line":49,"column":null}},"type":"cond-expr","locations":[{"start":{"line":49,"column":32},"end":{"line":49,"column":56}},{"start":{"line":49,"column":56},"end":{"line":49,"column":null}}],"line":49},"4":{"loc":{"start":{"line":67,"column":0},"end":{"line":73,"column":null}},"type":"if","locations":[{"start":{"line":67,"column":0},"end":{"line":73,"column":null}},{"start":{},"end":{}}],"line":67},"5":{"loc":{"start":{"line":134,"column":0},"end":{"line":139,"column":null}},"type":"if","locations":[{"start":{"line":134,"column":0},"end":{"line":139,"column":null}},{"start":{},"end":{}}],"line":134}},"s":{"0":10,"1":0,"2":10,"3":10,"4":10,"5":10,"6":10,"7":10,"8":10,"9":10,"10":10,"11":10,"12":10,"13":10,"14":1,"15":1,"16":1,"17":1,"18":1,"19":0,"20":1,"21":1,"22":1,"23":0,"24":1,"25":10,"26":10,"27":10,"28":10,"29":10,"30":10,"31":10,"32":10,"33":10,"34":10,"35":10,"36":10,"37":0,"38":0,"39":0,"40":0,"41":0,"42":10,"43":0,"44":0,"45":0},"f":{"0":1,"1":0,"2":0,"3":0},"b":{"0":[0,10],"1":[0,0],"2":[0,10],"3":[0,10],"4":[10,0],"5":[0,10]},"meta":{"lastBranch":6,"lastFunction":4,"lastStatement":46,"seen":{"b:31:0:37:Infinity:undefined:undefined:undefined:undefined":0,"s:31:0:37:Infinity":0,"s:32:2:36:Infinity":1,"b:35:53:35:59:35:59:35:Infinity":1,"s:39:6:39:Infinity":2,"s:43:0:43:Infinity":3,"s:44:0:55:Infinity":4,"b:48:35:48:62:48:62:48:Infinity":2,"b:49:32:49:56:49:56:49:Infinity":3,"s:56:0:56:Infinity":5,"s:57:0:57:Infinity":6,"s:58:0:58:Infinity":7,"s:62:0:62:Infinity":8,"s:66:20:66:Infinity":9,"b:67:0:73:Infinity:undefined:undefined:undefined:undefined":4,"s:67:0:73:Infinity":10,"s:68:21:68:Infinity":11,"s:69:2:72:Infinity":12,"s:77:0:101:Infinity":13,"f:77:19:77:26":0,"s:78:20:78:Infinity":14,"s:79:23:79:Infinity":15,"s:81:2:86:Infinity":16,"s:82:22:82:Infinity":17,"s:83:4:83:Infinity":18,"s:85:4:85:Infinity":19,"s:88:2:93:Infinity":20,"s:89:17:89:Infinity":21,"s:90:4:90:Infinity":22,"s:92:4:92:Infinity":23,"s:95:2:100:Infinity":24,"s:104:0:104:Infinity":25,"s:105:0:105:Infinity":26,"s:106:0:106:Infinity":27,"s:107:0:107:Infinity":28,"s:108:0:108:Infinity":29,"s:109:0:109:Infinity":30,"s:110:0:110:Infinity":31,"s:111:0:111:Infinity":32,"s:112:0:112:Infinity":33,"s:113:0:113:Infinity":34,"s:114:0:114:Infinity":35,"s:117:0:117:Infinity":36,"f:121:15:121:42":1,"s:122:2:122:Infinity":37,"s:123:2:123:Infinity":38,"s:124:2:124:Infinity":39,"s:126:2:131:Infinity":40,"f:126:17:126:29":2,"s:127:4:130:Infinity":41,"b:134:0:139:Infinity:undefined:undefined:undefined:undefined":5,"s:134:0:139:Infinity":42,"s:135:2:138:Infinity":43,"f:135:14:135:21":3,"s:136:4:136:Infinity":44,"s:137:4:137:Infinity":45}}}
,"/home/kiendrebeogo-moussa/projects/LibraFlow/backend/src/controllers/auth.controller.ts": {"path":"/home/kiendrebeogo-moussa/projects/LibraFlow/backend/src/controllers/auth.controller.ts","statementMap":{"0":{"start":{"line":13,"column":2},"end":{"line":13,"column":null}},"1":{"start":{"line":13,"column":13},"end":{"line":13,"column":null}},"2":{"start":{"line":14,"column":2},"end":{"line":14,"column":null}},"3":{"start":{"line":19,"column":18},"end":{"line":19,"column":null}},"4":{"start":{"line":20,"column":17},"end":{"line":20,"column":null}},"5":{"start":{"line":22,"column":2},"end":{"line":24,"column":null}},"6":{"start":{"line":23,"column":4},"end":{"line":23,"column":null}},"7":{"start":{"line":26,"column":2},"end":{"line":26,"column":null}},"8":{"start":{"line":31,"column":16},"end":{"line":31,"column":null}},"9":{"start":{"line":32,"column":19},"end":{"line":32,"column":null}},"10":{"start":{"line":33,"column":2},"end":{"line":33,"column":null}},"11":{"start":{"line":38,"column":16},"end":{"line":38,"column":null}},"12":{"start":{"line":39,"column":20},"end":{"line":39,"column":null}},"13":{"start":{"line":40,"column":19},"end":{"line":40,"column":null}},"14":{"start":{"line":41,"column":2},"end":{"line":41,"column":null}},"15":{"start":{"line":46,"column":16},"end":{"line":46,"column":null}},"16":{"start":{"line":48,"column":2},"end":{"line":50,"column":null}},"17":{"start":{"line":49,"column":4},"end":{"line":49,"column":null}},"18":{"start":{"line":52,"column":19},"end":{"line":52,"column":null}},"19":{"start":{"line":53,"column":19},"end":{"line":53,"column":null}},"20":{"start":{"line":54,"column":2},"end":{"line":54,"column":null}},"21":{"start":{"line":59,"column":16},"end":{"line":59,"column":null}},"22":{"start":{"line":60,"column":19},"end":{"line":60,"column":null}},"23":{"start":{"line":61,"column":2},"end":{"line":61,"column":null}},"24":{"start":{"line":66,"column":28},"end":{"line":66,"column":null}},"25":{"start":{"line":67,"column":19},"end":{"line":67,"column":null}},"26":{"start":{"line":68,"column":2},"end":{"line":68,"column":null}},"27":{"start":{"line":73,"column":28},"end":{"line":73,"column":null}},"28":{"start":{"line":74,"column":2},"end":{"line":74,"column":null}},"29":{"start":{"line":75,"column":2},"end":{"line":75,"column":null}}},"fnMap":{"0":{"name":"extractImageFile","decl":{"start":{"line":12,"column":9},"end":{"line":12,"column":26}},"loc":{"start":{"line":12,"column":88},"end":{"line":15,"column":null}},"line":12},"1":{"name":"verifyIne","decl":{"start":{"line":18,"column":22},"end":{"line":18,"column":32}},"loc":{"start":{"line":18,"column":76},"end":{"line":27,"column":null}},"line":18},"2":{"name":"registerEtudiant","decl":{"start":{"line":30,"column":22},"end":{"line":30,"column":39}},"loc":{"start":{"line":30,"column":83},"end":{"line":34,"column":null}},"line":30},"3":{"name":"registerProfesseur","decl":{"start":{"line":37,"column":22},"end":{"line":37,"column":41}},"loc":{"start":{"line":37,"column":85},"end":{"line":42,"column":null}},"line":37},"4":{"name":"registerUniversite","decl":{"start":{"line":45,"column":22},"end":{"line":45,"column":41}},"loc":{"start":{"line":45,"column":85},"end":{"line":55,"column":null}},"line":45},"5":{"name":"login","decl":{"start":{"line":58,"column":22},"end":{"line":58,"column":28}},"loc":{"start":{"line":58,"column":72},"end":{"line":62,"column":null}},"line":58},"6":{"name":"refreshToken","decl":{"start":{"line":65,"column":22},"end":{"line":65,"column":35}},"loc":{"start":{"line":65,"column":79},"end":{"line":69,"column":null}},"line":65},"7":{"name":"logout","decl":{"start":{"line":72,"column":22},"end":{"line":72,"column":29}},"loc":{"start":{"line":72,"column":73},"end":{"line":76,"column":null}},"line":72}},"branchMap":{"0":{"loc":{"start":{"line":13,"column":2},"end":{"line":13,"column":null}},"type":"if","locations":[{"start":{"line":13,"column":2},"end":{"line":13,"column":null}},{"start":{},"end":{}}],"line":13},"1":{"loc":{"start":{"line":22,"column":2},"end":{"line":24,"column":null}},"type":"if","locations":[{"start":{"line":22,"column":2},"end":{"line":24,"column":null}},{"start":{},"end":{}}],"line":22},"2":{"loc":{"start":{"line":48,"column":2},"end":{"line":50,"column":null}},"type":"if","locations":[{"start":{"line":48,"column":2},"end":{"line":50,"column":null}},{"start":{},"end":{}}],"line":48}},"s":{"0":3,"1":1,"2":2,"3":2,"4":2,"5":2,"6":1,"7":1,"8":1,"9":1,"10":1,"11":1,"12":1,"13":1,"14":1,"15":3,"16":3,"17":1,"18":2,"19":2,"20":2,"21":2,"22":2,"23":1,"24":1,"25":1,"26":1,"27":1,"28":1,"29":1},"f":{"0":3,"1":2,"2":1,"3":1,"4":3,"5":2,"6":1,"7":1},"b":{"0":[1,2],"1":[1,1],"2":[1,2]},"meta":{"lastBranch":3,"lastFunction":8,"lastStatement":30,"seen":{"f:12:9:12:26":0,"b:13:2:13:Infinity:undefined:undefined:undefined:undefined":0,"s:13:2:13:Infinity":0,"s:13:13:13:Infinity":1,"s:14:2:14:Infinity":2,"f:18:22:18:32":1,"s:19:18:19:Infinity":3,"s:20:17:20:Infinity":4,"b:22:2:24:Infinity:undefined:undefined:undefined:undefined":1,"s:22:2:24:Infinity":5,"s:23:4:23:Infinity":6,"s:26:2:26:Infinity":7,"f:30:22:30:39":2,"s:31:16:31:Infinity":8,"s:32:19:32:Infinity":9,"s:33:2:33:Infinity":10,"f:37:22:37:41":3,"s:38:16:38:Infinity":11,"s:39:20:39:Infinity":12,"s:40:19:40:Infinity":13,"s:41:2:41:Infinity":14,"f:45:22:45:41":4,"s:46:16:46:Infinity":15,"b:48:2:50:Infinity:undefined:undefined:undefined:undefined":2,"s:48:2:50:Infinity":16,"s:49:4:49:Infinity":17,"s:52:19:52:Infinity":18,"s:53:19:53:Infinity":19,"s:54:2:54:Infinity":20,"f:58:22:58:28":5,"s:59:16:59:Infinity":21,"s:60:19:60:Infinity":22,"s:61:2:61:Infinity":23,"f:65:22:65:35":6,"s:66:28:66:Infinity":24,"s:67:19:67:Infinity":25,"s:68:2:68:Infinity":26,"f:72:22:72:29":7,"s:73:28:73:Infinity":27,"s:74:2:74:Infinity":28,"s:75:2:75:Infinity":29}}}
,"/home/kiendrebeogo-moussa/projects/LibraFlow/backend/src/controllers/interactions.controller.ts": {"path":"/home/kiendrebeogo-moussa/projects/LibraFlow/backend/src/controllers/interactions.controller.ts","statementMap":{"0":{"start":{"line":7,"column":17},"end":{"line":7,"column":null}},"1":{"start":{"line":8,"column":2},"end":{"line":8,"column":null}},"2":{"start":{"line":9,"column":2},"end":{"line":9,"column":null}},"3":{"start":{"line":14,"column":17},"end":{"line":14,"column":null}},"4":{"start":{"line":15,"column":2},"end":{"line":15,"column":null}},"5":{"start":{"line":16,"column":2},"end":{"line":16,"column":null}},"6":{"start":{"line":21,"column":17},"end":{"line":21,"column":null}},"7":{"start":{"line":22,"column":21},"end":{"line":22,"column":null}},"8":{"start":{"line":23,"column":17},"end":{"line":23,"column":null}},"9":{"start":{"line":24,"column":2},"end":{"line":24,"column":null}},"10":{"start":{"line":29,"column":17},"end":{"line":29,"column":null}},"11":{"start":{"line":30,"column":33},"end":{"line":30,"column":null}},"12":{"start":{"line":32,"column":22},"end":{"line":38,"column":null}},"13":{"start":{"line":40,"column":2},"end":{"line":40,"column":null}},"14":{"start":{"line":45,"column":17},"end":{"line":45,"column":null}},"15":{"start":{"line":46,"column":2},"end":{"line":46,"column":null}},"16":{"start":{"line":47,"column":2},"end":{"line":47,"column":null}},"17":{"start":{"line":52,"column":17},"end":{"line":52,"column":null}},"18":{"start":{"line":53,"column":2},"end":{"line":53,"column":null}},"19":{"start":{"line":54,"column":2},"end":{"line":54,"column":null}},"20":{"start":{"line":59,"column":17},"end":{"line":59,"column":null}},"21":{"start":{"line":60,"column":2},"end":{"line":60,"column":null}},"22":{"start":{"line":61,"column":2},"end":{"line":61,"column":null}},"23":{"start":{"line":66,"column":17},"end":{"line":66,"column":null}},"24":{"start":{"line":67,"column":2},"end":{"line":67,"column":null}},"25":{"start":{"line":68,"column":2},"end":{"line":68,"column":null}},"26":{"start":{"line":73,"column":17},"end":{"line":73,"column":null}},"27":{"start":{"line":74,"column":2},"end":{"line":74,"column":null}},"28":{"start":{"line":75,"column":2},"end":{"line":75,"column":null}},"29":{"start":{"line":80,"column":17},"end":{"line":80,"column":null}},"30":{"start":{"line":81,"column":2},"end":{"line":81,"column":null}},"31":{"start":{"line":82,"column":2},"end":{"line":82,"column":null}},"32":{"start":{"line":87,"column":17},"end":{"line":87,"column":null}},"33":{"start":{"line":88,"column":2},"end":{"line":88,"column":null}},"34":{"start":{"line":89,"column":2},"end":{"line":89,"column":null}}},"fnMap":{"0":{"name":"likePublication","decl":{"start":{"line":6,"column":22},"end":{"line":6,"column":38}},"loc":{"start":{"line":6,"column":82},"end":{"line":10,"column":null}},"line":6},"1":{"name":"unlikePublication","decl":{"start":{"line":13,"column":22},"end":{"line":13,"column":40}},"loc":{"start":{"line":13,"column":84},"end":{"line":17,"column":null}},"line":13},"2":{"name":"getCommentaires","decl":{"start":{"line":20,"column":22},"end":{"line":20,"column":38}},"loc":{"start":{"line":20,"column":82},"end":{"line":25,"column":null}},"line":20},"3":{"name":"postCommentaire","decl":{"start":{"line":28,"column":22},"end":{"line":28,"column":38}},"loc":{"start":{"line":28,"column":82},"end":{"line":41,"column":null}},"line":28},"4":{"name":"deleteCommentaire","decl":{"start":{"line":44,"column":22},"end":{"line":44,"column":40}},"loc":{"start":{"line":44,"column":84},"end":{"line":48,"column":null}},"line":44},"5":{"name":"savePublication","decl":{"start":{"line":51,"column":22},"end":{"line":51,"column":38}},"loc":{"start":{"line":51,"column":82},"end":{"line":55,"column":null}},"line":51},"6":{"name":"unsavePublication","decl":{"start":{"line":58,"column":22},"end":{"line":58,"column":40}},"loc":{"start":{"line":58,"column":84},"end":{"line":62,"column":null}},"line":58},"7":{"name":"followProfesseur","decl":{"start":{"line":65,"column":22},"end":{"line":65,"column":39}},"loc":{"start":{"line":65,"column":83},"end":{"line":69,"column":null}},"line":65},"8":{"name":"unfollowProfesseur","decl":{"start":{"line":72,"column":22},"end":{"line":72,"column":41}},"loc":{"start":{"line":72,"column":85},"end":{"line":76,"column":null}},"line":72},"9":{"name":"followUniversite","decl":{"start":{"line":79,"column":22},"end":{"line":79,"column":39}},"loc":{"start":{"line":79,"column":83},"end":{"line":83,"column":null}},"line":79},"10":{"name":"unfollowUniversite","decl":{"start":{"line":86,"column":22},"end":{"line":86,"column":41}},"loc":{"start":{"line":86,"column":85},"end":{"line":90,"column":null}},"line":86}},"branchMap":{},"s":{"0":2,"1":2,"2":1,"3":1,"4":1,"5":1,"6":1,"7":1,"8":1,"9":1,"10":1,"11":1,"12":1,"13":1,"14":2,"15":2,"16":1,"17":1,"18":1,"19":1,"20":1,"21":1,"22":1,"23":2,"24":2,"25":1,"26":1,"27":1,"28":1,"29":2,"30":2,"31":1,"32":1,"33":1,"34":1},"f":{"0":2,"1":1,"2":1,"3":1,"4":2,"5":1,"6":1,"7":2,"8":1,"9":2,"10":1},"b":{},"meta":{"lastBranch":0,"lastFunction":11,"lastStatement":35,"seen":{"f:6:22:6:38":0,"s:7:17:7:Infinity":0,"s:8:2:8:Infinity":1,"s:9:2:9:Infinity":2,"f:13:22:13:40":1,"s:14:17:14:Infinity":3,"s:15:2:15:Infinity":4,"s:16:2:16:Infinity":5,"f:20:22:20:38":2,"s:21:17:21:Infinity":6,"s:22:21:22:Infinity":7,"s:23:17:23:Infinity":8,"s:24:2:24:Infinity":9,"f:28:22:28:38":3,"s:29:17:29:Infinity":10,"s:30:33:30:Infinity":11,"s:32:22:38:Infinity":12,"s:40:2:40:Infinity":13,"f:44:22:44:40":4,"s:45:17:45:Infinity":14,"s:46:2:46:Infinity":15,"s:47:2:47:Infinity":16,"f:51:22:51:38":5,"s:52:17:52:Infinity":17,"s:53:2:53:Infinity":18,"s:54:2:54:Infinity":19,"f:58:22:58:40":6,"s:59:17:59:Infinity":20,"s:60:2:60:Infinity":21,"s:61:2:61:Infinity":22,"f:65:22:65:39":7,"s:66:17:66:Infinity":23,"s:67:2:67:Infinity":24,"s:68:2:68:Infinity":25,"f:72:22:72:41":8,"s:73:17:73:Infinity":26,"s:74:2:74:Infinity":27,"s:75:2:75:Infinity":28,"f:79:22:79:39":9,"s:80:17:80:Infinity":29,"s:81:2:81:Infinity":30,"s:82:2:82:Infinity":31,"f:86:22:86:41":10,"s:87:17:87:Infinity":32,"s:88:2:88:Infinity":33,"s:89:2:89:Infinity":34}}}
,"/home/kiendrebeogo-moussa/projects/LibraFlow/backend/src/controllers/me.controller.ts": {"path":"/home/kiendrebeogo-moussa/projects/LibraFlow/backend/src/controllers/me.controller.ts","statementMap":{"0":{"start":{"line":9,"column":15},"end":{"line":9,"column":null}},"1":{"start":{"line":10,"column":18},"end":{"line":10,"column":null}},"2":{"start":{"line":11,"column":2},"end":{"line":11,"column":null}},"3":{"start":{"line":16,"column":15},"end":{"line":16,"column":null}},"4":{"start":{"line":17,"column":15},"end":{"line":17,"column":null}},"5":{"start":{"line":20,"column":2},"end":{"line":26,"column":null}},"6":{"start":{"line":21,"column":4},"end":{"line":25,"column":null}},"7":{"start":{"line":22,"column":6},"end":{"line":22,"column":null}},"8":{"start":{"line":24,"column":6},"end":{"line":24,"column":null}},"9":{"start":{"line":28,"column":2},"end":{"line":34,"column":null}},"10":{"start":{"line":36,"column":2},"end":{"line":36,"column":null}},"11":{"start":{"line":41,"column":15},"end":{"line":41,"column":null}},"12":{"start":{"line":42,"column":45},"end":{"line":42,"column":null}},"13":{"start":{"line":43,"column":2},"end":{"line":43,"column":null}},"14":{"start":{"line":44,"column":2},"end":{"line":44,"column":null}},"15":{"start":{"line":49,"column":21},"end":{"line":49,"column":null}},"16":{"start":{"line":50,"column":17},"end":{"line":50,"column":null}},"17":{"start":{"line":51,"column":2},"end":{"line":51,"column":null}},"18":{"start":{"line":56,"column":17},"end":{"line":56,"column":null}},"19":{"start":{"line":57,"column":2},"end":{"line":57,"column":null}},"20":{"start":{"line":62,"column":15},"end":{"line":62,"column":null}},"21":{"start":{"line":63,"column":2},"end":{"line":63,"column":null}},"22":{"start":{"line":68,"column":17},"end":{"line":68,"column":null}},"23":{"start":{"line":69,"column":2},"end":{"line":69,"column":null}},"24":{"start":{"line":74,"column":15},"end":{"line":74,"column":null}},"25":{"start":{"line":75,"column":2},"end":{"line":75,"column":null}},"26":{"start":{"line":80,"column":21},"end":{"line":80,"column":null}},"27":{"start":{"line":81,"column":17},"end":{"line":81,"column":null}},"28":{"start":{"line":82,"column":2},"end":{"line":82,"column":null}},"29":{"start":{"line":87,"column":42},"end":{"line":87,"column":null}},"30":{"start":{"line":88,"column":2},"end":{"line":88,"column":null}},"31":{"start":{"line":89,"column":2},"end":{"line":89,"column":null}},"32":{"start":{"line":94,"column":21},"end":{"line":94,"column":null}},"33":{"start":{"line":95,"column":17},"end":{"line":95,"column":null}},"34":{"start":{"line":96,"column":2},"end":{"line":96,"column":null}},"35":{"start":{"line":101,"column":21},"end":{"line":101,"column":null}},"36":{"start":{"line":102,"column":17},"end":{"line":102,"column":null}},"37":{"start":{"line":103,"column":2},"end":{"line":103,"column":null}},"38":{"start":{"line":108,"column":15},"end":{"line":108,"column":null}},"39":{"start":{"line":109,"column":2},"end":{"line":109,"column":null}}},"fnMap":{"0":{"name":"getProfile","decl":{"start":{"line":8,"column":22},"end":{"line":8,"column":33}},"loc":{"start":{"line":8,"column":77},"end":{"line":12,"column":null}},"line":8},"1":{"name":"updateProfile","decl":{"start":{"line":15,"column":22},"end":{"line":15,"column":36}},"loc":{"start":{"line":15,"column":80},"end":{"line":37,"column":null}},"line":15},"2":{"name":"changePassword","decl":{"start":{"line":40,"column":22},"end":{"line":40,"column":37}},"loc":{"start":{"line":40,"column":81},"end":{"line":45,"column":null}},"line":40},"3":{"name":"getMesPublications","decl":{"start":{"line":48,"column":22},"end":{"line":48,"column":41}},"loc":{"start":{"line":48,"column":85},"end":{"line":52,"column":null}},"line":48},"4":{"name":"getMaCommunaute","decl":{"start":{"line":55,"column":22},"end":{"line":55,"column":38}},"loc":{"start":{"line":55,"column":82},"end":{"line":58,"column":null}},"line":55},"5":{"name":"getRecommendations","decl":{"start":{"line":61,"column":22},"end":{"line":61,"column":41}},"loc":{"start":{"line":61,"column":85},"end":{"line":64,"column":null}},"line":61},"6":{"name":"getBibliotheque","decl":{"start":{"line":67,"column":22},"end":{"line":67,"column":38}},"loc":{"start":{"line":67,"column":82},"end":{"line":70,"column":null}},"line":67},"7":{"name":"getMesPublicationsStats","decl":{"start":{"line":73,"column":22},"end":{"line":73,"column":46}},"loc":{"start":{"line":73,"column":90},"end":{"line":76,"column":null}},"line":73},"8":{"name":"getHistorique","decl":{"start":{"line":79,"column":22},"end":{"line":79,"column":36}},"loc":{"start":{"line":79,"column":80},"end":{"line":83,"column":null}},"line":79},"9":{"name":"addHistorique","decl":{"start":{"line":86,"column":22},"end":{"line":86,"column":36}},"loc":{"start":{"line":86,"column":80},"end":{"line":90,"column":null}},"line":86},"10":{"name":"getDownloads","decl":{"start":{"line":93,"column":22},"end":{"line":93,"column":35}},"loc":{"start":{"line":93,"column":79},"end":{"line":97,"column":null}},"line":93},"11":{"name":"getAbonnes","decl":{"start":{"line":100,"column":22},"end":{"line":100,"column":33}},"loc":{"start":{"line":100,"column":77},"end":{"line":104,"column":null}},"line":100},"12":{"name":"getInteractionsRecentes","decl":{"start":{"line":107,"column":22},"end":{"line":107,"column":46}},"loc":{"start":{"line":107,"column":90},"end":{"line":110,"column":null}},"line":107}},"branchMap":{"0":{"loc":{"start":{"line":20,"column":2},"end":{"line":26,"column":null}},"type":"if","locations":[{"start":{"line":20,"column":2},"end":{"line":26,"column":null}},{"start":{},"end":{}}],"line":20},"1":{"loc":{"start":{"line":88,"column":62},"end":{"line":88,"column":82}},"type":"binary-expr","locations":[{"start":{"line":88,"column":62},"end":{"line":88,"column":77}},{"start":{"line":88,"column":77},"end":{"line":88,"column":82}}],"line":88}},"s":{"0":3,"1":3,"2":2,"3":3,"4":3,"5":3,"6":2,"7":2,"8":1,"9":3,"10":3,"11":2,"12":2,"13":2,"14":1,"15":1,"16":1,"17":1,"18":1,"19":1,"20":1,"21":1,"22":1,"23":1,"24":1,"25":1,"26":1,"27":1,"28":1,"29":1,"30":1,"31":1,"32":1,"33":1,"34":1,"35":1,"36":1,"37":1,"38":1,"39":1},"f":{"0":3,"1":3,"2":2,"3":1,"4":1,"5":1,"6":1,"7":1,"8":1,"9":1,"10":1,"11":1,"12":1},"b":{"0":[2,1],"1":[1,1]},"meta":{"lastBranch":2,"lastFunction":13,"lastStatement":40,"seen":{"f:8:22:8:33":0,"s:9:15:9:Infinity":0,"s:10:18:10:Infinity":1,"s:11:2:11:Infinity":2,"f:15:22:15:36":1,"s:16:15:16:Infinity":3,"s:17:15:17:Infinity":4,"b:20:2:26:Infinity:undefined:undefined:undefined:undefined":0,"s:20:2:26:Infinity":5,"s:21:4:25:Infinity":6,"s:22:6:22:Infinity":7,"s:24:6:24:Infinity":8,"s:28:2:34:Infinity":9,"s:36:2:36:Infinity":10,"f:40:22:40:37":2,"s:41:15:41:Infinity":11,"s:42:45:42:Infinity":12,"s:43:2:43:Infinity":13,"s:44:2:44:Infinity":14,"f:48:22:48:41":3,"s:49:21:49:Infinity":15,"s:50:17:50:Infinity":16,"s:51:2:51:Infinity":17,"f:55:22:55:38":4,"s:56:17:56:Infinity":18,"s:57:2:57:Infinity":19,"f:61:22:61:41":5,"s:62:15:62:Infinity":20,"s:63:2:63:Infinity":21,"f:67:22:67:38":6,"s:68:17:68:Infinity":22,"s:69:2:69:Infinity":23,"f:73:22:73:46":7,"s:74:15:74:Infinity":24,"s:75:2:75:Infinity":25,"f:79:22:79:36":8,"s:80:21:80:Infinity":26,"s:81:17:81:Infinity":27,"s:82:2:82:Infinity":28,"f:86:22:86:36":9,"s:87:42:87:Infinity":29,"s:88:2:88:Infinity":30,"b:88:62:88:77:88:77:88:82":1,"s:89:2:89:Infinity":31,"f:93:22:93:35":10,"s:94:21:94:Infinity":32,"s:95:17:95:Infinity":33,"s:96:2:96:Infinity":34,"f:100:22:100:33":11,"s:101:21:101:Infinity":35,"s:102:17:102:Infinity":36,"s:103:2:103:Infinity":37,"f:107:22:107:46":12,"s:108:15:108:Infinity":38,"s:109:2:109:Infinity":39}}}
,"/home/kiendrebeogo-moussa/projects/LibraFlow/backend/src/controllers/ministere.controller.ts": {"path":"/home/kiendrebeogo-moussa/projects/LibraFlow/backend/src/controllers/ministere.controller.ts","statementMap":{"0":{"start":{"line":6,"column":2},"end":{"line":6,"column":null}},"1":{"start":{"line":11,"column":22},"end":{"line":11,"column":null}},"2":{"start":{"line":12,"column":17},"end":{"line":12,"column":null}},"3":{"start":{"line":13,"column":22},"end":{"line":13,"column":null}},"4":{"start":{"line":14,"column":2},"end":{"line":14,"column":null}},"5":{"start":{"line":15,"column":2},"end":{"line":15,"column":null}},"6":{"start":{"line":20,"column":22},"end":{"line":20,"column":null}},"7":{"start":{"line":21,"column":17},"end":{"line":21,"column":null}},"8":{"start":{"line":22,"column":20},"end":{"line":22,"column":null}},"9":{"start":{"line":23,"column":2},"end":{"line":23,"column":null}},"10":{"start":{"line":24,"column":2},"end":{"line":24,"column":null}},"11":{"start":{"line":29,"column":22},"end":{"line":29,"column":null}},"12":{"start":{"line":30,"column":17},"end":{"line":30,"column":null}},"13":{"start":{"line":31,"column":20},"end":{"line":31,"column":null}},"14":{"start":{"line":32,"column":2},"end":{"line":32,"column":null}},"15":{"start":{"line":33,"column":2},"end":{"line":33,"column":null}},"16":{"start":{"line":38,"column":22},"end":{"line":38,"column":null}},"17":{"start":{"line":39,"column":17},"end":{"line":39,"column":null}},"18":{"start":{"line":40,"column":2},"end":{"line":40,"column":null}},"19":{"start":{"line":41,"column":2},"end":{"line":41,"column":null}},"20":{"start":{"line":46,"column":15},"end":{"line":46,"column":null}},"21":{"start":{"line":47,"column":2},"end":{"line":47,"column":null}},"22":{"start":{"line":52,"column":36},"end":{"line":52,"column":null}},"23":{"start":{"line":53,"column":17},"end":{"line":57,"column":null}},"24":{"start":{"line":58,"column":2},"end":{"line":58,"column":null}},"25":{"start":{"line":63,"column":17},"end":{"line":63,"column":null}},"26":{"start":{"line":64,"column":15},"end":{"line":64,"column":null}},"27":{"start":{"line":65,"column":2},"end":{"line":65,"column":null}},"28":{"start":{"line":70,"column":15},"end":{"line":70,"column":null}},"29":{"start":{"line":71,"column":2},"end":{"line":71,"column":null}},"30":{"start":{"line":76,"column":15},"end":{"line":76,"column":null}},"31":{"start":{"line":77,"column":2},"end":{"line":77,"column":null}},"32":{"start":{"line":82,"column":15},"end":{"line":82,"column":null}},"33":{"start":{"line":83,"column":2},"end":{"line":83,"column":null}},"34":{"start":{"line":88,"column":15},"end":{"line":88,"column":null}},"35":{"start":{"line":89,"column":2},"end":{"line":89,"column":null}},"36":{"start":{"line":94,"column":28},"end":{"line":94,"column":null}},"37":{"start":{"line":95,"column":17},"end":{"line":98,"column":null}},"38":{"start":{"line":99,"column":2},"end":{"line":99,"column":null}},"39":{"start":{"line":104,"column":17},"end":{"line":104,"column":null}},"40":{"start":{"line":105,"column":2},"end":{"line":105,"column":null}},"41":{"start":{"line":106,"column":2},"end":{"line":106,"column":null}},"42":{"start":{"line":111,"column":17},"end":{"line":111,"column":null}},"43":{"start":{"line":112,"column":2},"end":{"line":112,"column":null}},"44":{"start":{"line":113,"column":2},"end":{"line":113,"column":null}},"45":{"start":{"line":118,"column":17},"end":{"line":118,"column":null}},"46":{"start":{"line":119,"column":2},"end":{"line":119,"column":null}},"47":{"start":{"line":120,"column":2},"end":{"line":120,"column":null}}},"fnMap":{"0":{"name":"getMinistereId","decl":{"start":{"line":5,"column":9},"end":{"line":5,"column":24}},"loc":{"start":{"line":5,"column":46},"end":{"line":7,"column":null}},"line":5},"1":{"name":"approuverUniversite","decl":{"start":{"line":10,"column":22},"end":{"line":10,"column":42}},"loc":{"start":{"line":10,"column":86},"end":{"line":16,"column":null}},"line":10},"2":{"name":"rejeterUniversite","decl":{"start":{"line":19,"column":22},"end":{"line":19,"column":40}},"loc":{"start":{"line":19,"column":84},"end":{"line":25,"column":null}},"line":19},"3":{"name":"suspendreUniversite","decl":{"start":{"line":28,"column":22},"end":{"line":28,"column":42}},"loc":{"start":{"line":28,"column":86},"end":{"line":34,"column":null}},"line":28},"4":{"name":"reactiverUniversite","decl":{"start":{"line":37,"column":22},"end":{"line":37,"column":42}},"loc":{"start":{"line":37,"column":86},"end":{"line":42,"column":null}},"line":37},"5":{"name":"getDashboard","decl":{"start":{"line":45,"column":22},"end":{"line":45,"column":35}},"loc":{"start":{"line":45,"column":80},"end":{"line":48,"column":null}},"line":45},"6":{"name":"listUniversites","decl":{"start":{"line":51,"column":22},"end":{"line":51,"column":38}},"loc":{"start":{"line":51,"column":82},"end":{"line":59,"column":null}},"line":51},"7":{"name":"getUniversiteDossier","decl":{"start":{"line":62,"column":22},"end":{"line":62,"column":43}},"loc":{"start":{"line":62,"column":87},"end":{"line":66,"column":null}},"line":62},"8":{"name":"getStatistiques","decl":{"start":{"line":69,"column":22},"end":{"line":69,"column":38}},"loc":{"start":{"line":69,"column":83},"end":{"line":72,"column":null}},"line":69},"9":{"name":"getCarte","decl":{"start":{"line":75,"column":22},"end":{"line":75,"column":31}},"loc":{"start":{"line":75,"column":76},"end":{"line":78,"column":null}},"line":75},"10":{"name":"getStatistiquesNationales","decl":{"start":{"line":81,"column":22},"end":{"line":81,"column":48}},"loc":{"start":{"line":81,"column":93},"end":{"line":84,"column":null}},"line":81},"11":{"name":"getStatistiquesParRegion","decl":{"start":{"line":87,"column":22},"end":{"line":87,"column":47}},"loc":{"start":{"line":87,"column":92},"end":{"line":90,"column":null}},"line":87},"12":{"name":"listSignalements","decl":{"start":{"line":93,"column":22},"end":{"line":93,"column":39}},"loc":{"start":{"line":93,"column":83},"end":{"line":100,"column":null}},"line":93},"13":{"name":"supprimerSignalement","decl":{"start":{"line":103,"column":22},"end":{"line":103,"column":43}},"loc":{"start":{"line":103,"column":87},"end":{"line":107,"column":null}},"line":103},"14":{"name":"innocenterSignalement","decl":{"start":{"line":110,"column":22},"end":{"line":110,"column":44}},"loc":{"start":{"line":110,"column":88},"end":{"line":114,"column":null}},"line":110},"15":{"name":"avertirSignalement","decl":{"start":{"line":117,"column":22},"end":{"line":117,"column":41}},"loc":{"start":{"line":117,"column":85},"end":{"line":121,"column":null}},"line":117}},"branchMap":{"0":{"loc":{"start":{"line":56,"column":29},"end":{"line":56,"column":44}},"type":"binary-expr","locations":[{"start":{"line":56,"column":29},"end":{"line":56,"column":38}},{"start":{"line":56,"column":38},"end":{"line":56,"column":44}}],"line":56},"1":{"loc":{"start":{"line":97,"column":29},"end":{"line":97,"column":44}},"type":"binary-expr","locations":[{"start":{"line":97,"column":29},"end":{"line":97,"column":38}},{"start":{"line":97,"column":38},"end":{"line":97,"column":44}}],"line":97}},"s":{"0":8,"1":2,"2":2,"3":2,"4":2,"5":1,"6":1,"7":1,"8":1,"9":1,"10":1,"11":1,"12":1,"13":1,"14":1,"15":1,"16":1,"17":1,"18":1,"19":1,"20":1,"21":1,"22":2,"23":2,"24":2,"25":2,"26":2,"27":1,"28":1,"29":1,"30":1,"31":1,"32":1,"33":1,"34":1,"35":1,"36":1,"37":1,"38":1,"39":1,"40":1,"41":1,"42":1,"43":1,"44":1,"45":1,"46":1,"47":1},"f":{"0":8,"1":2,"2":1,"3":1,"4":1,"5":1,"6":2,"7":2,"8":1,"9":1,"10":1,"11":1,"12":1,"13":1,"14":1,"15":1},"b":{"0":[2,2],"1":[1,1]},"meta":{"lastBranch":2,"lastFunction":16,"lastStatement":48,"seen":{"f:5:9:5:24":0,"s:6:2:6:Infinity":0,"f:10:22:10:42":1,"s:11:22:11:Infinity":1,"s:12:17:12:Infinity":2,"s:13:22:13:Infinity":3,"s:14:2:14:Infinity":4,"s:15:2:15:Infinity":5,"f:19:22:19:40":2,"s:20:22:20:Infinity":6,"s:21:17:21:Infinity":7,"s:22:20:22:Infinity":8,"s:23:2:23:Infinity":9,"s:24:2:24:Infinity":10,"f:28:22:28:42":3,"s:29:22:29:Infinity":11,"s:30:17:30:Infinity":12,"s:31:20:31:Infinity":13,"s:32:2:32:Infinity":14,"s:33:2:33:Infinity":15,"f:37:22:37:42":4,"s:38:22:38:Infinity":16,"s:39:17:39:Infinity":17,"s:40:2:40:Infinity":18,"s:41:2:41:Infinity":19,"f:45:22:45:35":5,"s:46:15:46:Infinity":20,"s:47:2:47:Infinity":21,"f:51:22:51:38":6,"s:52:36:52:Infinity":22,"s:53:17:57:Infinity":23,"b:56:29:56:38:56:38:56:44":0,"s:58:2:58:Infinity":24,"f:62:22:62:43":7,"s:63:17:63:Infinity":25,"s:64:15:64:Infinity":26,"s:65:2:65:Infinity":27,"f:69:22:69:38":8,"s:70:15:70:Infinity":28,"s:71:2:71:Infinity":29,"f:75:22:75:31":9,"s:76:15:76:Infinity":30,"s:77:2:77:Infinity":31,"f:81:22:81:48":10,"s:82:15:82:Infinity":32,"s:83:2:83:Infinity":33,"f:87:22:87:47":11,"s:88:15:88:Infinity":34,"s:89:2:89:Infinity":35,"f:93:22:93:39":12,"s:94:28:94:Infinity":36,"s:95:17:98:Infinity":37,"b:97:29:97:38:97:38:97:44":1,"s:99:2:99:Infinity":38,"f:103:22:103:43":13,"s:104:17:104:Infinity":39,"s:105:2:105:Infinity":40,"s:106:2:106:Infinity":41,"f:110:22:110:44":14,"s:111:17:111:Infinity":42,"s:112:2:112:Infinity":43,"s:113:2:113:Infinity":44,"f:117:22:117:41":15,"s:118:17:118:Infinity":45,"s:119:2:119:Infinity":46,"s:120:2:120:Infinity":47}}}
,"/home/kiendrebeogo-moussa/projects/LibraFlow/backend/src/controllers/notifications.controller.ts": {"path":"/home/kiendrebeogo-moussa/projects/LibraFlow/backend/src/controllers/notifications.controller.ts","statementMap":{"0":{"start":{"line":6,"column":25},"end":{"line":6,"column":null}},"1":{"start":{"line":7,"column":17},"end":{"line":7,"column":null}},"2":{"start":{"line":9,"column":17},"end":{"line":13,"column":null}},"3":{"start":{"line":15,"column":2},"end":{"line":15,"column":null}},"4":{"start":{"line":20,"column":16},"end":{"line":20,"column":null}},"5":{"start":{"line":21,"column":2},"end":{"line":21,"column":null}},"6":{"start":{"line":26,"column":17},"end":{"line":26,"column":null}},"7":{"start":{"line":27,"column":2},"end":{"line":27,"column":null}},"8":{"start":{"line":28,"column":2},"end":{"line":28,"column":null}},"9":{"start":{"line":33,"column":2},"end":{"line":33,"column":null}},"10":{"start":{"line":34,"column":2},"end":{"line":34,"column":null}}},"fnMap":{"0":{"name":"getNotifications","decl":{"start":{"line":5,"column":22},"end":{"line":5,"column":39}},"loc":{"start":{"line":5,"column":83},"end":{"line":16,"column":null}},"line":5},"1":{"name":"getUnreadCount","decl":{"start":{"line":19,"column":22},"end":{"line":19,"column":37}},"loc":{"start":{"line":19,"column":81},"end":{"line":22,"column":null}},"line":19},"2":{"name":"markAsRead","decl":{"start":{"line":25,"column":22},"end":{"line":25,"column":33}},"loc":{"start":{"line":25,"column":77},"end":{"line":29,"column":null}},"line":25},"3":{"name":"markAllAsRead","decl":{"start":{"line":32,"column":22},"end":{"line":32,"column":36}},"loc":{"start":{"line":32,"column":80},"end":{"line":35,"column":null}},"line":32}},"branchMap":{"0":{"loc":{"start":{"line":7,"column":17},"end":{"line":7,"column":null}},"type":"cond-expr","locations":[{"start":{"line":7,"column":33},"end":{"line":7,"column":40}},{"start":{"line":7,"column":40},"end":{"line":7,"column":null}}],"line":7},"1":{"loc":{"start":{"line":7,"column":40},"end":{"line":7,"column":null}},"type":"cond-expr","locations":[{"start":{"line":7,"column":57},"end":{"line":7,"column":65}},{"start":{"line":7,"column":65},"end":{"line":7,"column":null}}],"line":7}},"s":{"0":3,"1":3,"2":3,"3":3,"4":1,"5":1,"6":3,"7":3,"8":1,"9":1,"10":1},"f":{"0":3,"1":1,"2":3,"3":1},"b":{"0":[1,2],"1":[1,1]},"meta":{"lastBranch":2,"lastFunction":4,"lastStatement":11,"seen":{"f:5:22:5:39":0,"s:6:25:6:Infinity":0,"s:7:17:7:Infinity":1,"b:7:33:7:40:7:40:7:Infinity":0,"b:7:57:7:65:7:65:7:Infinity":1,"s:9:17:13:Infinity":2,"s:15:2:15:Infinity":3,"f:19:22:19:37":1,"s:20:16:20:Infinity":4,"s:21:2:21:Infinity":5,"f:25:22:25:33":2,"s:26:17:26:Infinity":6,"s:27:2:27:Infinity":7,"s:28:2:28:Infinity":8,"f:32:22:32:36":3,"s:33:2:33:Infinity":9,"s:34:2:34:Infinity":10}}}
,"/home/kiendrebeogo-moussa/projects/LibraFlow/backend/src/controllers/public.controller.ts": {"path":"/home/kiendrebeogo-moussa/projects/LibraFlow/backend/src/controllers/public.controller.ts","statementMap":{"0":{"start":{"line":8,"column":26},"end":{"line":12,"column":null}},"1":{"start":{"line":14,"column":2},"end":{"line":14,"column":null}},"2":{"start":{"line":14,"column":13},"end":{"line":14,"column":null}},"3":{"start":{"line":15,"column":2},"end":{"line":15,"column":null}},"4":{"start":{"line":20,"column":17},"end":{"line":20,"column":null}},"5":{"start":{"line":22,"column":32},"end":{"line":27,"column":null}},"6":{"start":{"line":29,"column":2},"end":{"line":29,"column":null}},"7":{"start":{"line":29,"column":13},"end":{"line":29,"column":null}},"8":{"start":{"line":30,"column":2},"end":{"line":30,"column":null}},"9":{"start":{"line":30,"column":13},"end":{"line":30,"column":null}},"10":{"start":{"line":33,"column":26},"end":{"line":37,"column":null}},"11":{"start":{"line":39,"column":2},"end":{"line":39,"column":null}},"12":{"start":{"line":44,"column":17},"end":{"line":44,"column":null}},"13":{"start":{"line":46,"column":32},"end":{"line":51,"column":null}},"14":{"start":{"line":53,"column":2},"end":{"line":53,"column":null}},"15":{"start":{"line":53,"column":13},"end":{"line":53,"column":null}},"16":{"start":{"line":54,"column":2},"end":{"line":54,"column":null}},"17":{"start":{"line":54,"column":13},"end":{"line":54,"column":null}},"18":{"start":{"line":56,"column":25},"end":{"line":62,"column":null}},"19":{"start":{"line":64,"column":2},"end":{"line":64,"column":null}},"20":{"start":{"line":69,"column":20},"end":{"line":69,"column":null}},"21":{"start":{"line":70,"column":14},"end":{"line":70,"column":null}},"22":{"start":{"line":71,"column":2},"end":{"line":71,"column":null}}},"fnMap":{"0":{"name":"getUniversitesPubliques","decl":{"start":{"line":7,"column":22},"end":{"line":7,"column":46}},"loc":{"start":{"line":7,"column":91},"end":{"line":16,"column":null}},"line":7},"1":{"name":"getUniversitePublique","decl":{"start":{"line":19,"column":22},"end":{"line":19,"column":44}},"loc":{"start":{"line":19,"column":88},"end":{"line":40,"column":null}},"line":19},"2":{"name":"getProfesseurPublic","decl":{"start":{"line":43,"column":22},"end":{"line":43,"column":42}},"loc":{"start":{"line":43,"column":86},"end":{"line":65,"column":null}},"line":43},"3":{"name":"getSharedPublication","decl":{"start":{"line":68,"column":22},"end":{"line":68,"column":43}},"loc":{"start":{"line":68,"column":87},"end":{"line":72,"column":null}},"line":68}},"branchMap":{"0":{"loc":{"start":{"line":14,"column":2},"end":{"line":14,"column":null}},"type":"if","locations":[{"start":{"line":14,"column":2},"end":{"line":14,"column":null}},{"start":{},"end":{}}],"line":14},"1":{"loc":{"start":{"line":29,"column":2},"end":{"line":29,"column":null}},"type":"if","locations":[{"start":{"line":29,"column":2},"end":{"line":29,"column":null}},{"start":{},"end":{}}],"line":29},"2":{"loc":{"start":{"line":30,"column":2},"end":{"line":30,"column":null}},"type":"if","locations":[{"start":{"line":30,"column":2},"end":{"line":30,"column":null}},{"start":{},"end":{}}],"line":30},"3":{"loc":{"start":{"line":39,"column":29},"end":{"line":39,"column":41}},"type":"binary-expr","locations":[{"start":{"line":39,"column":29},"end":{"line":39,"column":38}},{"start":{"line":39,"column":38},"end":{"line":39,"column":41}}],"line":39},"4":{"loc":{"start":{"line":53,"column":2},"end":{"line":53,"column":null}},"type":"if","locations":[{"start":{"line":53,"column":2},"end":{"line":53,"column":null}},{"start":{},"end":{}}],"line":53},"5":{"loc":{"start":{"line":54,"column":2},"end":{"line":54,"column":null}},"type":"if","locations":[{"start":{"line":54,"column":2},"end":{"line":54,"column":null}},{"start":{},"end":{}}],"line":54},"6":{"loc":{"start":{"line":64,"column":36},"end":{"line":64,"column":47}},"type":"binary-expr","locations":[{"start":{"line":64,"column":36},"end":{"line":64,"column":44}},{"start":{"line":64,"column":44},"end":{"line":64,"column":47}}],"line":64}},"s":{"0":1,"1":1,"2":0,"3":1,"4":1,"5":1,"6":1,"7":0,"8":1,"9":1,"10":0,"11":0,"12":1,"13":1,"14":1,"15":0,"16":1,"17":1,"18":0,"19":0,"20":2,"21":2,"22":1},"f":{"0":1,"1":1,"2":1,"3":2},"b":{"0":[0,1],"1":[0,1],"2":[1,0],"3":[0,0],"4":[0,1],"5":[1,0],"6":[0,0]},"meta":{"lastBranch":7,"lastFunction":4,"lastStatement":23,"seen":{"f:7:22:7:46":0,"s:8:26:12:Infinity":0,"b:14:2:14:Infinity:undefined:undefined:undefined:undefined":0,"s:14:2:14:Infinity":1,"s:14:13:14:Infinity":2,"s:15:2:15:Infinity":3,"f:19:22:19:44":1,"s:20:17:20:Infinity":4,"s:22:32:27:Infinity":5,"b:29:2:29:Infinity:undefined:undefined:undefined:undefined":1,"s:29:2:29:Infinity":6,"s:29:13:29:Infinity":7,"b:30:2:30:Infinity:undefined:undefined:undefined:undefined":2,"s:30:2:30:Infinity":8,"s:30:13:30:Infinity":9,"s:33:26:37:Infinity":10,"s:39:2:39:Infinity":11,"b:39:29:39:38:39:38:39:41":3,"f:43:22:43:42":2,"s:44:17:44:Infinity":12,"s:46:32:51:Infinity":13,"b:53:2:53:Infinity:undefined:undefined:undefined:undefined":4,"s:53:2:53:Infinity":14,"s:53:13:53:Infinity":15,"b:54:2:54:Infinity:undefined:undefined:undefined:undefined":5,"s:54:2:54:Infinity":16,"s:54:13:54:Infinity":17,"s:56:25:62:Infinity":18,"s:64:2:64:Infinity":19,"b:64:36:64:44:64:44:64:47":6,"f:68:22:68:43":3,"s:69:20:69:Infinity":20,"s:70:14:70:Infinity":21,"s:71:2:71:Infinity":22}}}
,"/home/kiendrebeogo-moussa/projects/LibraFlow/backend/src/controllers/publications.controller.ts": {"path":"/home/kiendrebeogo-moussa/projects/LibraFlow/backend/src/controllers/publications.controller.ts","statementMap":{"0":{"start":{"line":12,"column":21},"end":{"line":12,"column":null}},"1":{"start":{"line":13,"column":27},"end":{"line":13,"column":null}},"2":{"start":{"line":17,"column":15},"end":{"line":17,"column":null}},"3":{"start":{"line":18,"column":2},"end":{"line":21,"column":null}},"4":{"start":{"line":19,"column":4},"end":{"line":19,"column":null}},"5":{"start":{"line":20,"column":4},"end":{"line":20,"column":null}},"6":{"start":{"line":23,"column":15},"end":{"line":23,"column":null}},"7":{"start":{"line":24,"column":2},"end":{"line":24,"column":null}},"8":{"start":{"line":24,"column":13},"end":{"line":24,"column":null}},"9":{"start":{"line":25,"column":2},"end":{"line":25,"column":null}},"10":{"start":{"line":25,"column":32},"end":{"line":25,"column":null}},"11":{"start":{"line":26,"column":2},"end":{"line":26,"column":null}},"12":{"start":{"line":26,"column":51},"end":{"line":26,"column":null}},"13":{"start":{"line":28,"column":15},"end":{"line":28,"column":null}},"14":{"start":{"line":31,"column":28},"end":{"line":31,"column":null}},"15":{"start":{"line":32,"column":25},"end":{"line":36,"column":null}},"16":{"start":{"line":38,"column":2},"end":{"line":41,"column":null}},"17":{"start":{"line":39,"column":4},"end":{"line":39,"column":null}},"18":{"start":{"line":40,"column":4},"end":{"line":40,"column":null}},"19":{"start":{"line":43,"column":17},"end":{"line":50,"column":null}},"20":{"start":{"line":52,"column":2},"end":{"line":52,"column":null}},"21":{"start":{"line":57,"column":16},"end":{"line":57,"column":null}},"22":{"start":{"line":58,"column":17},"end":{"line":58,"column":null}},"23":{"start":{"line":59,"column":2},"end":{"line":59,"column":null}},"24":{"start":{"line":64,"column":17},"end":{"line":64,"column":null}},"25":{"start":{"line":65,"column":14},"end":{"line":65,"column":null}},"26":{"start":{"line":66,"column":2},"end":{"line":66,"column":null}},"27":{"start":{"line":71,"column":17},"end":{"line":71,"column":null}},"28":{"start":{"line":72,"column":15},"end":{"line":72,"column":null}},"29":{"start":{"line":73,"column":2},"end":{"line":73,"column":null}},"30":{"start":{"line":74,"column":2},"end":{"line":74,"column":null}},"31":{"start":{"line":79,"column":17},"end":{"line":79,"column":null}},"32":{"start":{"line":80,"column":2},"end":{"line":80,"column":null}},"33":{"start":{"line":81,"column":2},"end":{"line":81,"column":null}},"34":{"start":{"line":86,"column":17},"end":{"line":86,"column":null}},"35":{"start":{"line":87,"column":17},"end":{"line":87,"column":null}},"36":{"start":{"line":88,"column":2},"end":{"line":88,"column":null}},"37":{"start":{"line":93,"column":17},"end":{"line":93,"column":null}},"38":{"start":{"line":94,"column":17},"end":{"line":94,"column":null}},"39":{"start":{"line":95,"column":17},"end":{"line":95,"column":null}},"40":{"start":{"line":96,"column":2},"end":{"line":96,"column":null}},"41":{"start":{"line":101,"column":17},"end":{"line":101,"column":null}},"42":{"start":{"line":102,"column":23},"end":{"line":102,"column":null}},"43":{"start":{"line":104,"column":28},"end":{"line":104,"column":null}},"44":{"start":{"line":105,"column":24},"end":{"line":109,"column":null}},"45":{"start":{"line":111,"column":2},"end":{"line":114,"column":null}},"46":{"start":{"line":112,"column":4},"end":{"line":112,"column":null}},"47":{"start":{"line":113,"column":4},"end":{"line":113,"column":null}},"48":{"start":{"line":116,"column":29},"end":{"line":116,"column":null}},"49":{"start":{"line":117,"column":18},"end":{"line":117,"column":null}},"50":{"start":{"line":119,"column":19},"end":{"line":123,"column":null}},"51":{"start":{"line":125,"column":2},"end":{"line":125,"column":null}},"52":{"start":{"line":130,"column":17},"end":{"line":130,"column":null}},"53":{"start":{"line":131,"column":33},"end":{"line":131,"column":null}},"54":{"start":{"line":132,"column":2},"end":{"line":132,"column":null}},"55":{"start":{"line":133,"column":2},"end":{"line":133,"column":null}},"56":{"start":{"line":138,"column":17},"end":{"line":138,"column":null}},"57":{"start":{"line":139,"column":17},"end":{"line":139,"column":null}},"58":{"start":{"line":140,"column":2},"end":{"line":140,"column":null}},"59":{"start":{"line":145,"column":28},"end":{"line":145,"column":null}},"60":{"start":{"line":146,"column":17},"end":{"line":151,"column":null}},"61":{"start":{"line":152,"column":2},"end":{"line":152,"column":null}}},"fnMap":{"0":{"name":"createPublication","decl":{"start":{"line":16,"column":22},"end":{"line":16,"column":40}},"loc":{"start":{"line":16,"column":84},"end":{"line":53,"column":null}},"line":16},"1":{"name":"searchPublications","decl":{"start":{"line":56,"column":22},"end":{"line":56,"column":41}},"loc":{"start":{"line":56,"column":85},"end":{"line":60,"column":null}},"line":56},"2":{"name":"getPublication","decl":{"start":{"line":63,"column":22},"end":{"line":63,"column":37}},"loc":{"start":{"line":63,"column":81},"end":{"line":67,"column":null}},"line":63},"3":{"name":"updatePublication","decl":{"start":{"line":70,"column":22},"end":{"line":70,"column":40}},"loc":{"start":{"line":70,"column":84},"end":{"line":75,"column":null}},"line":70},"4":{"name":"deletePublication","decl":{"start":{"line":78,"column":22},"end":{"line":78,"column":40}},"loc":{"start":{"line":78,"column":84},"end":{"line":82,"column":null}},"line":78},"5":{"name":"getDownloadUrl","decl":{"start":{"line":85,"column":22},"end":{"line":85,"column":37}},"loc":{"start":{"line":85,"column":81},"end":{"line":89,"column":null}},"line":85},"6":{"name":"requestTts","decl":{"start":{"line":92,"column":22},"end":{"line":92,"column":33}},"loc":{"start":{"line":92,"column":77},"end":{"line":97,"column":null}},"line":92},"7":{"name":"askQuestion","decl":{"start":{"line":100,"column":22},"end":{"line":100,"column":34}},"loc":{"start":{"line":100,"column":78},"end":{"line":126,"column":null}},"line":100},"8":{"name":"signalerPublication","decl":{"start":{"line":129,"column":22},"end":{"line":129,"column":42}},"loc":{"start":{"line":129,"column":86},"end":{"line":134,"column":null}},"line":129},"9":{"name":"createShareLink","decl":{"start":{"line":137,"column":22},"end":{"line":137,"column":38}},"loc":{"start":{"line":137,"column":82},"end":{"line":141,"column":null}},"line":137},"10":{"name":"getFeed","decl":{"start":{"line":144,"column":22},"end":{"line":144,"column":30}},"loc":{"start":{"line":144,"column":74},"end":{"line":153,"column":null}},"line":144}},"branchMap":{"0":{"loc":{"start":{"line":18,"column":2},"end":{"line":21,"column":null}},"type":"if","locations":[{"start":{"line":18,"column":2},"end":{"line":21,"column":null}},{"start":{},"end":{}}],"line":18},"1":{"loc":{"start":{"line":24,"column":2},"end":{"line":24,"column":null}},"type":"if","locations":[{"start":{"line":24,"column":2},"end":{"line":24,"column":null}},{"start":{},"end":{}}],"line":24},"2":{"loc":{"start":{"line":25,"column":2},"end":{"line":25,"column":null}},"type":"if","locations":[{"start":{"line":25,"column":2},"end":{"line":25,"column":null}},{"start":{},"end":{}}],"line":25},"3":{"loc":{"start":{"line":26,"column":2},"end":{"line":26,"column":null}},"type":"if","locations":[{"start":{"line":26,"column":2},"end":{"line":26,"column":null}},{"start":{},"end":{}}],"line":26},"4":{"loc":{"start":{"line":38,"column":2},"end":{"line":41,"column":null}},"type":"if","locations":[{"start":{"line":38,"column":2},"end":{"line":41,"column":null}},{"start":{},"end":{}}],"line":38},"5":{"loc":{"start":{"line":38,"column":6},"end":{"line":38,"column":40}},"type":"binary-expr","locations":[{"start":{"line":38,"column":6},"end":{"line":38,"column":15}},{"start":{"line":38,"column":15},"end":{"line":38,"column":40}}],"line":38},"6":{"loc":{"start":{"line":95,"column":17},"end":{"line":95,"column":null}},"type":"cond-expr","locations":[{"start":{"line":95,"column":32},"end":{"line":95,"column":38}},{"start":{"line":95,"column":38},"end":{"line":95,"column":null}}],"line":95},"7":{"loc":{"start":{"line":111,"column":2},"end":{"line":114,"column":null}},"type":"if","locations":[{"start":{"line":111,"column":2},"end":{"line":114,"column":null}},{"start":{},"end":{}}],"line":111},"8":{"loc":{"start":{"line":121,"column":36},"end":{"line":121,"column":113}},"type":"binary-expr","locations":[{"start":{"line":121,"column":36},"end":{"line":121,"column":81}},{"start":{"line":121,"column":81},"end":{"line":121,"column":113}}],"line":121},"9":{"loc":{"start":{"line":150,"column":29},"end":{"line":150,"column":44}},"type":"binary-expr","locations":[{"start":{"line":150,"column":29},"end":{"line":150,"column":38}},{"start":{"line":150,"column":38},"end":{"line":150,"column":44}}],"line":150}},"s":{"0":10,"1":10,"2":7,"3":7,"4":1,"5":1,"6":6,"7":6,"8":6,"9":5,"10":5,"11":4,"12":4,"13":3,"14":3,"15":3,"16":3,"17":2,"18":2,"19":1,"20":1,"21":1,"22":1,"23":1,"24":2,"25":2,"26":1,"27":2,"28":2,"29":2,"30":1,"31":2,"32":2,"33":1,"34":1,"35":1,"36":1,"37":2,"38":2,"39":2,"40":2,"41":2,"42":2,"43":2,"44":2,"45":2,"46":1,"47":1,"48":1,"49":1,"50":1,"51":1,"52":1,"53":1,"54":1,"55":1,"56":1,"57":1,"58":1,"59":1,"60":1,"61":1},"f":{"0":7,"1":1,"2":2,"3":2,"4":2,"5":1,"6":2,"7":2,"8":1,"9":1,"10":1},"b":{"0":[1,6],"1":[1,5],"2":[1,4],"3":[1,3],"4":[2,1],"5":[3,2],"6":[1,1],"7":[1,1],"8":[1,0],"9":[1,0]},"meta":{"lastBranch":10,"lastFunction":11,"lastStatement":62,"seen":{"s:12:21:12:Infinity":0,"s:13:27:13:Infinity":1,"f:16:22:16:40":0,"s:17:15:17:Infinity":2,"b:18:2:21:Infinity:undefined:undefined:undefined:undefined":0,"s:18:2:21:Infinity":3,"s:19:4:19:Infinity":4,"s:20:4:20:Infinity":5,"s:23:15:23:Infinity":6,"b:24:2:24:Infinity:undefined:undefined:undefined:undefined":1,"s:24:2:24:Infinity":7,"s:24:13:24:Infinity":8,"b:25:2:25:Infinity:undefined:undefined:undefined:undefined":2,"s:25:2:25:Infinity":9,"s:25:32:25:Infinity":10,"b:26:2:26:Infinity:undefined:undefined:undefined:undefined":3,"s:26:2:26:Infinity":11,"s:26:51:26:Infinity":12,"s:28:15:28:Infinity":13,"s:31:28:31:Infinity":14,"s:32:25:36:Infinity":15,"b:38:2:41:Infinity:undefined:undefined:undefined:undefined":4,"s:38:2:41:Infinity":16,"b:38:6:38:15:38:15:38:40":5,"s:39:4:39:Infinity":17,"s:40:4:40:Infinity":18,"s:43:17:50:Infinity":19,"s:52:2:52:Infinity":20,"f:56:22:56:41":1,"s:57:16:57:Infinity":21,"s:58:17:58:Infinity":22,"s:59:2:59:Infinity":23,"f:63:22:63:37":2,"s:64:17:64:Infinity":24,"s:65:14:65:Infinity":25,"s:66:2:66:Infinity":26,"f:70:22:70:40":3,"s:71:17:71:Infinity":27,"s:72:15:72:Infinity":28,"s:73:2:73:Infinity":29,"s:74:2:74:Infinity":30,"f:78:22:78:40":4,"s:79:17:79:Infinity":31,"s:80:2:80:Infinity":32,"s:81:2:81:Infinity":33,"f:85:22:85:37":5,"s:86:17:86:Infinity":34,"s:87:17:87:Infinity":35,"s:88:2:88:Infinity":36,"f:92:22:92:33":6,"s:93:17:93:Infinity":37,"s:94:17:94:Infinity":38,"s:95:17:95:Infinity":39,"b:95:32:95:38:95:38:95:Infinity":6,"s:96:2:96:Infinity":40,"f:100:22:100:34":7,"s:101:17:101:Infinity":41,"s:102:23:102:Infinity":42,"s:104:28:104:Infinity":43,"s:105:24:109:Infinity":44,"b:111:2:114:Infinity:undefined:undefined:undefined:undefined":7,"s:111:2:114:Infinity":45,"s:112:4:112:Infinity":46,"s:113:4:113:Infinity":47,"s:116:29:116:Infinity":48,"s:117:18:117:Infinity":49,"s:119:19:123:Infinity":50,"b:121:36:121:81:121:81:121:113":8,"s:125:2:125:Infinity":51,"f:129:22:129:42":8,"s:130:17:130:Infinity":52,"s:131:33:131:Infinity":53,"s:132:2:132:Infinity":54,"s:133:2:133:Infinity":55,"f:137:22:137:38":9,"s:138:17:138:Infinity":56,"s:139:17:139:Infinity":57,"s:140:2:140:Infinity":58,"f:144:22:144:30":10,"s:145:28:145:Infinity":59,"s:146:17:151:Infinity":60,"b:150:29:150:38:150:38:150:44":9,"s:152:2:152:Infinity":61}}}
,"/home/kiendrebeogo-moussa/projects/LibraFlow/backend/src/controllers/sync.controller.ts": {"path":"/home/kiendrebeogo-moussa/projects/LibraFlow/backend/src/controllers/sync.controller.ts","statementMap":{"0":{"start":{"line":14,"column":15},"end":{"line":14,"column":null}},"1":{"start":{"line":15,"column":22},"end":{"line":15,"column":null}},"2":{"start":{"line":17,"column":30},"end":{"line":17,"column":null}},"3":{"start":{"line":18,"column":66},"end":{"line":18,"column":null}},"4":{"start":{"line":20,"column":2},"end":{"line":86,"column":null}},"5":{"start":{"line":21,"column":4},"end":{"line":85,"column":null}},"6":{"start":{"line":22,"column":6},"end":{"line":74,"column":null}},"7":{"start":{"line":24,"column":10},"end":{"line":28,"column":null}},"8":{"start":{"line":29,"column":10},"end":{"line":29,"column":null}},"9":{"start":{"line":31,"column":10},"end":{"line":34,"column":null}},"10":{"start":{"line":35,"column":10},"end":{"line":35,"column":null}},"11":{"start":{"line":37,"column":10},"end":{"line":43,"column":null}},"12":{"start":{"line":44,"column":10},"end":{"line":44,"column":null}},"13":{"start":{"line":46,"column":10},"end":{"line":50,"column":null}},"14":{"start":{"line":51,"column":10},"end":{"line":51,"column":null}},"15":{"start":{"line":53,"column":10},"end":{"line":56,"column":null}},"16":{"start":{"line":57,"column":10},"end":{"line":57,"column":null}},"17":{"start":{"line":59,"column":10},"end":{"line":63,"column":null}},"18":{"start":{"line":60,"column":12},"end":{"line":60,"column":null}},"19":{"start":{"line":62,"column":12},"end":{"line":62,"column":null}},"20":{"start":{"line":64,"column":10},"end":{"line":64,"column":null}},"21":{"start":{"line":66,"column":10},"end":{"line":70,"column":null}},"22":{"start":{"line":67,"column":12},"end":{"line":67,"column":null}},"23":{"start":{"line":69,"column":12},"end":{"line":69,"column":null}},"24":{"start":{"line":71,"column":10},"end":{"line":71,"column":null}},"25":{"start":{"line":73,"column":10},"end":{"line":73,"column":null}},"26":{"start":{"line":75,"column":6},"end":{"line":75,"column":null}},"27":{"start":{"line":77,"column":6},"end":{"line":77,"column":null}},"28":{"start":{"line":79,"column":21},"end":{"line":79,"column":null}},"29":{"start":{"line":80,"column":6},"end":{"line":84,"column":null}},"30":{"start":{"line":81,"column":8},"end":{"line":81,"column":null}},"31":{"start":{"line":83,"column":8},"end":{"line":83,"column":null}},"32":{"start":{"line":88,"column":2},"end":{"line":88,"column":null}},"33":{"start":{"line":93,"column":20},"end":{"line":93,"column":null}},"34":{"start":{"line":94,"column":15},"end":{"line":94,"column":null}},"35":{"start":{"line":95,"column":2},"end":{"line":95,"column":null}}},"fnMap":{"0":{"name":"syncPendingActions","decl":{"start":{"line":13,"column":22},"end":{"line":13,"column":41}},"loc":{"start":{"line":13,"column":85},"end":{"line":89,"column":null}},"line":13},"1":{"name":"getOfflineFeedPack","decl":{"start":{"line":92,"column":22},"end":{"line":92,"column":41}},"loc":{"start":{"line":92,"column":85},"end":{"line":96,"column":null}},"line":92}},"branchMap":{"0":{"loc":{"start":{"line":22,"column":6},"end":{"line":74,"column":null}},"type":"switch","locations":[{"start":{"line":23,"column":8},"end":{"line":29,"column":null}},{"start":{"line":30,"column":8},"end":{"line":35,"column":null}},{"start":{"line":36,"column":8},"end":{"line":44,"column":null}},{"start":{"line":45,"column":8},"end":{"line":51,"column":null}},{"start":{"line":52,"column":8},"end":{"line":57,"column":null}},{"start":{"line":58,"column":8},"end":{"line":64,"column":null}},{"start":{"line":65,"column":8},"end":{"line":71,"column":null}},{"start":{"line":72,"column":8},"end":{"line":73,"column":null}}],"line":22},"1":{"loc":{"start":{"line":59,"column":10},"end":{"line":63,"column":null}},"type":"if","locations":[{"start":{"line":59,"column":10},"end":{"line":63,"column":null}},{"start":{"line":61,"column":17},"end":{"line":63,"column":null}}],"line":59},"2":{"loc":{"start":{"line":66,"column":10},"end":{"line":70,"column":null}},"type":"if","locations":[{"start":{"line":66,"column":10},"end":{"line":70,"column":null}},{"start":{"line":68,"column":17},"end":{"line":70,"column":null}}],"line":66},"3":{"loc":{"start":{"line":79,"column":21},"end":{"line":79,"column":null}},"type":"cond-expr","locations":[{"start":{"line":79,"column":44},"end":{"line":79,"column":58}},{"start":{"line":79,"column":58},"end":{"line":79,"column":null}}],"line":79},"4":{"loc":{"start":{"line":80,"column":6},"end":{"line":84,"column":null}},"type":"if","locations":[{"start":{"line":80,"column":6},"end":{"line":84,"column":null}},{"start":{"line":82,"column":13},"end":{"line":84,"column":null}}],"line":80},"5":{"loc":{"start":{"line":80,"column":10},"end":{"line":80,"column":67}},"type":"binary-expr","locations":[{"start":{"line":80,"column":10},"end":{"line":80,"column":41}},{"start":{"line":80,"column":41},"end":{"line":80,"column":67}}],"line":80}},"s":{"0":12,"1":12,"2":12,"3":12,"4":12,"5":11,"6":11,"7":3,"8":1,"9":1,"10":1,"11":1,"12":1,"13":1,"14":1,"15":1,"16":1,"17":2,"18":1,"19":1,"20":2,"21":2,"22":1,"23":1,"24":2,"25":0,"26":9,"27":2,"28":2,"29":2,"30":1,"31":1,"32":12,"33":2,"34":2,"35":2},"f":{"0":12,"1":2},"b":{"0":[3,1,1,1,1,2,2,0],"1":[1,1],"2":[1,1],"3":[2,0],"4":[1,1],"5":[2,2]},"meta":{"lastBranch":6,"lastFunction":2,"lastStatement":36,"seen":{"f:13:22:13:41":0,"s:14:15:14:Infinity":0,"s:15:22:15:Infinity":1,"s:17:30:17:Infinity":2,"s:18:66:18:Infinity":3,"s:20:2:86:Infinity":4,"s:21:4:85:Infinity":5,"b:23:8:29:Infinity:30:8:35:Infinity:36:8:44:Infinity:45:8:51:Infinity:52:8:57:Infinity:58:8:64:Infinity:65:8:71:Infinity:72:8:73:Infinity":0,"s:22:6:74:Infinity":6,"s:24:10:28:Infinity":7,"s:29:10:29:Infinity":8,"s:31:10:34:Infinity":9,"s:35:10:35:Infinity":10,"s:37:10:43:Infinity":11,"s:44:10:44:Infinity":12,"s:46:10:50:Infinity":13,"s:51:10:51:Infinity":14,"s:53:10:56:Infinity":15,"s:57:10:57:Infinity":16,"b:59:10:63:Infinity:61:17:63:Infinity":1,"s:59:10:63:Infinity":17,"s:60:12:60:Infinity":18,"s:62:12:62:Infinity":19,"s:64:10:64:Infinity":20,"b:66:10:70:Infinity:68:17:70:Infinity":2,"s:66:10:70:Infinity":21,"s:67:12:67:Infinity":22,"s:69:12:69:Infinity":23,"s:71:10:71:Infinity":24,"s:73:10:73:Infinity":25,"s:75:6:75:Infinity":26,"s:77:6:77:Infinity":27,"s:79:21:79:Infinity":28,"b:79:44:79:58:79:58:79:Infinity":3,"b:80:6:84:Infinity:82:13:84:Infinity":4,"s:80:6:84:Infinity":29,"b:80:10:80:41:80:41:80:67":5,"s:81:8:81:Infinity":30,"s:83:8:83:Infinity":31,"s:88:2:88:Infinity":32,"f:92:22:92:41":1,"s:93:20:93:Infinity":33,"s:94:15:94:Infinity":34,"s:95:2:95:Infinity":35}}}
,"/home/kiendrebeogo-moussa/projects/LibraFlow/backend/src/controllers/universite.controller.ts": {"path":"/home/kiendrebeogo-moussa/projects/LibraFlow/backend/src/controllers/universite.controller.ts","statementMap":{"0":{"start":{"line":7,"column":2},"end":{"line":7,"column":null}},"1":{"start":{"line":12,"column":15},"end":{"line":12,"column":null}},"2":{"start":{"line":13,"column":2},"end":{"line":13,"column":null}},"3":{"start":{"line":18,"column":36},"end":{"line":18,"column":null}},"4":{"start":{"line":19,"column":17},"end":{"line":24,"column":null}},"5":{"start":{"line":25,"column":2},"end":{"line":25,"column":null}},"6":{"start":{"line":30,"column":28},"end":{"line":30,"column":null}},"7":{"start":{"line":31,"column":17},"end":{"line":35,"column":null}},"8":{"start":{"line":36,"column":2},"end":{"line":36,"column":null}},"9":{"start":{"line":41,"column":17},"end":{"line":41,"column":null}},"10":{"start":{"line":42,"column":20},"end":{"line":42,"column":null}},"11":{"start":{"line":43,"column":2},"end":{"line":43,"column":null}},"12":{"start":{"line":44,"column":2},"end":{"line":44,"column":null}},"13":{"start":{"line":49,"column":28},"end":{"line":49,"column":null}},"14":{"start":{"line":50,"column":17},"end":{"line":54,"column":null}},"15":{"start":{"line":55,"column":2},"end":{"line":55,"column":null}},"16":{"start":{"line":60,"column":28},"end":{"line":60,"column":null}},"17":{"start":{"line":61,"column":17},"end":{"line":61,"column":null}},"18":{"start":{"line":62,"column":23},"end":{"line":62,"column":null}},"19":{"start":{"line":64,"column":26},"end":{"line":69,"column":null}},"20":{"start":{"line":71,"column":2},"end":{"line":71,"column":null}},"21":{"start":{"line":71,"column":13},"end":{"line":71,"column":null}},"22":{"start":{"line":72,"column":2},"end":{"line":75,"column":null}},"23":{"start":{"line":73,"column":4},"end":{"line":73,"column":null}},"24":{"start":{"line":74,"column":4},"end":{"line":74,"column":null}},"25":{"start":{"line":76,"column":2},"end":{"line":76,"column":null}},"26":{"start":{"line":81,"column":17},"end":{"line":81,"column":null}},"27":{"start":{"line":82,"column":2},"end":{"line":82,"column":null}},"28":{"start":{"line":83,"column":2},"end":{"line":83,"column":null}},"29":{"start":{"line":88,"column":17},"end":{"line":88,"column":null}},"30":{"start":{"line":89,"column":2},"end":{"line":89,"column":null}},"31":{"start":{"line":90,"column":2},"end":{"line":90,"column":null}},"32":{"start":{"line":95,"column":15},"end":{"line":95,"column":null}},"33":{"start":{"line":96,"column":2},"end":{"line":96,"column":null}},"34":{"start":{"line":101,"column":15},"end":{"line":101,"column":null}},"35":{"start":{"line":102,"column":2},"end":{"line":102,"column":null}},"36":{"start":{"line":107,"column":23},"end":{"line":107,"column":null}},"37":{"start":{"line":108,"column":17},"end":{"line":108,"column":null}},"38":{"start":{"line":109,"column":2},"end":{"line":109,"column":null}},"39":{"start":{"line":110,"column":2},"end":{"line":110,"column":null}},"40":{"start":{"line":115,"column":23},"end":{"line":115,"column":null}},"41":{"start":{"line":116,"column":17},"end":{"line":116,"column":null}},"42":{"start":{"line":117,"column":20},"end":{"line":117,"column":null}},"43":{"start":{"line":118,"column":2},"end":{"line":118,"column":null}},"44":{"start":{"line":119,"column":2},"end":{"line":119,"column":null}},"45":{"start":{"line":124,"column":23},"end":{"line":124,"column":null}},"46":{"start":{"line":125,"column":17},"end":{"line":125,"column":null}},"47":{"start":{"line":126,"column":20},"end":{"line":126,"column":null}},"48":{"start":{"line":127,"column":2},"end":{"line":127,"column":null}},"49":{"start":{"line":128,"column":2},"end":{"line":128,"column":null}}},"fnMap":{"0":{"name":"getUniversiteId","decl":{"start":{"line":6,"column":9},"end":{"line":6,"column":25}},"loc":{"start":{"line":6,"column":47},"end":{"line":8,"column":null}},"line":6},"1":{"name":"getDashboard","decl":{"start":{"line":11,"column":22},"end":{"line":11,"column":35}},"loc":{"start":{"line":11,"column":79},"end":{"line":14,"column":null}},"line":11},"2":{"name":"listProfesseurs","decl":{"start":{"line":17,"column":22},"end":{"line":17,"column":38}},"loc":{"start":{"line":17,"column":82},"end":{"line":26,"column":null}},"line":17},"3":{"name":"listEtudiants","decl":{"start":{"line":29,"column":22},"end":{"line":29,"column":36}},"loc":{"start":{"line":29,"column":80},"end":{"line":37,"column":null}},"line":29},"4":{"name":"suspendreEtudiant","decl":{"start":{"line":40,"column":22},"end":{"line":40,"column":40}},"loc":{"start":{"line":40,"column":84},"end":{"line":45,"column":null}},"line":40},"5":{"name":"listPublications","decl":{"start":{"line":48,"column":22},"end":{"line":48,"column":39}},"loc":{"start":{"line":48,"column":83},"end":{"line":56,"column":null}},"line":48},"6":{"name":"getPublication","decl":{"start":{"line":59,"column":22},"end":{"line":59,"column":37}},"loc":{"start":{"line":59,"column":81},"end":{"line":77,"column":null}},"line":59},"7":{"name":"reactiverEtudiant","decl":{"start":{"line":80,"column":22},"end":{"line":80,"column":40}},"loc":{"start":{"line":80,"column":84},"end":{"line":84,"column":null}},"line":80},"8":{"name":"supprimerPublication","decl":{"start":{"line":87,"column":22},"end":{"line":87,"column":43}},"loc":{"start":{"line":87,"column":87},"end":{"line":91,"column":null}},"line":87},"9":{"name":"getTopPublications","decl":{"start":{"line":94,"column":22},"end":{"line":94,"column":41}},"loc":{"start":{"line":94,"column":85},"end":{"line":97,"column":null}},"line":94},"10":{"name":"getEvolutionMensuelle","decl":{"start":{"line":100,"column":22},"end":{"line":100,"column":44}},"loc":{"start":{"line":100,"column":88},"end":{"line":103,"column":null}},"line":100},"11":{"name":"validerProfesseur","decl":{"start":{"line":106,"column":22},"end":{"line":106,"column":40}},"loc":{"start":{"line":106,"column":84},"end":{"line":111,"column":null}},"line":106},"12":{"name":"rejeterProfesseur","decl":{"start":{"line":114,"column":22},"end":{"line":114,"column":40}},"loc":{"start":{"line":114,"column":84},"end":{"line":120,"column":null}},"line":114},"13":{"name":"suspendreProfesseur","decl":{"start":{"line":123,"column":22},"end":{"line":123,"column":42}},"loc":{"start":{"line":123,"column":86},"end":{"line":129,"column":null}},"line":123}},"branchMap":{"0":{"loc":{"start":{"line":23,"column":29},"end":{"line":23,"column":44}},"type":"binary-expr","locations":[{"start":{"line":23,"column":29},"end":{"line":23,"column":38}},{"start":{"line":23,"column":38},"end":{"line":23,"column":44}}],"line":23},"1":{"loc":{"start":{"line":34,"column":29},"end":{"line":34,"column":44}},"type":"binary-expr","locations":[{"start":{"line":34,"column":29},"end":{"line":34,"column":38}},{"start":{"line":34,"column":38},"end":{"line":34,"column":44}}],"line":34},"2":{"loc":{"start":{"line":53,"column":29},"end":{"line":53,"column":44}},"type":"binary-expr","locations":[{"start":{"line":53,"column":29},"end":{"line":53,"column":38}},{"start":{"line":53,"column":38},"end":{"line":53,"column":44}}],"line":53},"3":{"loc":{"start":{"line":71,"column":2},"end":{"line":71,"column":null}},"type":"if","locations":[{"start":{"line":71,"column":2},"end":{"line":71,"column":null}},{"start":{},"end":{}}],"line":71},"4":{"loc":{"start":{"line":72,"column":2},"end":{"line":75,"column":null}},"type":"if","locations":[{"start":{"line":72,"column":2},"end":{"line":75,"column":null}},{"start":{},"end":{}}],"line":72}},"s":{"0":16,"1":1,"2":1,"3":1,"4":1,"5":1,"6":1,"7":1,"8":1,"9":2,"10":2,"11":2,"12":1,"13":1,"14":1,"15":1,"16":0,"17":0,"18":0,"19":0,"20":0,"21":0,"22":0,"23":0,"24":0,"25":0,"26":1,"27":1,"28":1,"29":2,"30":2,"31":1,"32":1,"33":1,"34":1,"35":1,"36":3,"37":3,"38":3,"39":1,"40":1,"41":1,"42":1,"43":1,"44":1,"45":1,"46":1,"47":1,"48":1,"49":1},"f":{"0":16,"1":1,"2":1,"3":1,"4":2,"5":1,"6":0,"7":1,"8":2,"9":1,"10":1,"11":3,"12":1,"13":1},"b":{"0":[1,1],"1":[1,1],"2":[1,1],"3":[0,0],"4":[0,0]},"meta":{"lastBranch":5,"lastFunction":14,"lastStatement":50,"seen":{"f:6:9:6:25":0,"s:7:2:7:Infinity":0,"f:11:22:11:35":1,"s:12:15:12:Infinity":1,"s:13:2:13:Infinity":2,"f:17:22:17:38":2,"s:18:36:18:Infinity":3,"s:19:17:24:Infinity":4,"b:23:29:23:38:23:38:23:44":0,"s:25:2:25:Infinity":5,"f:29:22:29:36":3,"s:30:28:30:Infinity":6,"s:31:17:35:Infinity":7,"b:34:29:34:38:34:38:34:44":1,"s:36:2:36:Infinity":8,"f:40:22:40:40":4,"s:41:17:41:Infinity":9,"s:42:20:42:Infinity":10,"s:43:2:43:Infinity":11,"s:44:2:44:Infinity":12,"f:48:22:48:39":5,"s:49:28:49:Infinity":13,"s:50:17:54:Infinity":14,"b:53:29:53:38:53:38:53:44":2,"s:55:2:55:Infinity":15,"f:59:22:59:37":6,"s:60:28:60:Infinity":16,"s:61:17:61:Infinity":17,"s:62:23:62:Infinity":18,"s:64:26:69:Infinity":19,"b:71:2:71:Infinity:undefined:undefined:undefined:undefined":3,"s:71:2:71:Infinity":20,"s:71:13:71:Infinity":21,"b:72:2:75:Infinity:undefined:undefined:undefined:undefined":4,"s:72:2:75:Infinity":22,"s:73:4:73:Infinity":23,"s:74:4:74:Infinity":24,"s:76:2:76:Infinity":25,"f:80:22:80:40":7,"s:81:17:81:Infinity":26,"s:82:2:82:Infinity":27,"s:83:2:83:Infinity":28,"f:87:22:87:43":8,"s:88:17:88:Infinity":29,"s:89:2:89:Infinity":30,"s:90:2:90:Infinity":31,"f:94:22:94:41":9,"s:95:15:95:Infinity":32,"s:96:2:96:Infinity":33,"f:100:22:100:44":10,"s:101:15:101:Infinity":34,"s:102:2:102:Infinity":35,"f:106:22:106:40":11,"s:107:23:107:Infinity":36,"s:108:17:108:Infinity":37,"s:109:2:109:Infinity":38,"s:110:2:110:Infinity":39,"f:114:22:114:40":12,"s:115:23:115:Infinity":40,"s:116:17:116:Infinity":41,"s:117:20:117:Infinity":42,"s:118:2:118:Infinity":43,"s:119:2:119:Infinity":44,"f:123:22:123:42":13,"s:124:23:124:Infinity":45,"s:125:17:125:Infinity":46,"s:126:20:126:Infinity":47,"s:127:2:127:Infinity":48,"s:128:2:128:Infinity":49}}}
,"/home/kiendrebeogo-moussa/projects/LibraFlow/backend/src/middlewares/auth.middleware.ts": {"path":"/home/kiendrebeogo-moussa/projects/LibraFlow/backend/src/middlewares/auth.middleware.ts","statementMap":{"0":{"start":{"line":12,"column":21},"end":{"line":12,"column":null}},"1":{"start":{"line":14,"column":2},"end":{"line":17,"column":null}},"2":{"start":{"line":15,"column":4},"end":{"line":15,"column":null}},"3":{"start":{"line":16,"column":4},"end":{"line":16,"column":null}},"4":{"start":{"line":19,"column":16},"end":{"line":19,"column":null}},"5":{"start":{"line":21,"column":2},"end":{"line":31,"column":null}},"6":{"start":{"line":22,"column":20},"end":{"line":22,"column":null}},"7":{"start":{"line":23,"column":4},"end":{"line":27,"column":null}},"8":{"start":{"line":28,"column":4},"end":{"line":28,"column":null}},"9":{"start":{"line":30,"column":4},"end":{"line":30,"column":null}}},"fnMap":{"0":{"name":"authenticate","decl":{"start":{"line":11,"column":16},"end":{"line":11,"column":29}},"loc":{"start":{"line":11,"column":85},"end":{"line":32,"column":null}},"line":11}},"branchMap":{"0":{"loc":{"start":{"line":14,"column":2},"end":{"line":17,"column":null}},"type":"if","locations":[{"start":{"line":14,"column":2},"end":{"line":17,"column":null}},{"start":{},"end":{}}],"line":14}},"s":{"0":158,"1":158,"2":13,"3":13,"4":145,"5":145,"6":145,"7":145,"8":145,"9":3},"f":{"0":158},"b":{"0":[13,145]},"meta":{"lastBranch":1,"lastFunction":1,"lastStatement":10,"seen":{"f:11:16:11:29":0,"s:12:21:12:Infinity":0,"b:14:2:17:Infinity:undefined:undefined:undefined:undefined":0,"s:14:2:17:Infinity":1,"s:15:4:15:Infinity":2,"s:16:4:16:Infinity":3,"s:19:16:19:Infinity":4,"s:21:2:31:Infinity":5,"s:22:20:22:Infinity":6,"s:23:4:27:Infinity":7,"s:28:4:28:Infinity":8,"s:30:4:30:Infinity":9}}}
,"/home/kiendrebeogo-moussa/projects/LibraFlow/backend/src/middlewares/errorHandler.middleware.ts": {"path":"/home/kiendrebeogo-moussa/projects/LibraFlow/backend/src/middlewares/errorHandler.middleware.ts","statementMap":{"0":{"start":{"line":13,"column":2},"end":{"line":22,"column":null}},"1":{"start":{"line":14,"column":4},"end":{"line":20,"column":null}},"2":{"start":{"line":21,"column":4},"end":{"line":21,"column":null}},"3":{"start":{"line":25,"column":2},"end":{"line":37,"column":null}},"4":{"start":{"line":26,"column":4},"end":{"line":28,"column":null}},"5":{"start":{"line":27,"column":6},"end":{"line":27,"column":null}},"6":{"start":{"line":29,"column":4},"end":{"line":35,"column":null}},"7":{"start":{"line":36,"column":4},"end":{"line":36,"column":null}},"8":{"start":{"line":40,"column":2},"end":{"line":46,"column":null}},"9":{"start":{"line":41,"column":14},"end":{"line":41,"column":null}},"10":{"start":{"line":42,"column":4},"end":{"line":44,"column":null}},"11":{"start":{"line":45,"column":4},"end":{"line":45,"column":null}},"12":{"start":{"line":49,"column":2},"end":{"line":49,"column":null}},"13":{"start":{"line":50,"column":2},"end":{"line":55,"column":null}}},"fnMap":{"0":{"name":"errorHandler","decl":{"start":{"line":6,"column":16},"end":{"line":6,"column":null}},"loc":{"start":{"line":11,"column":8},"end":{"line":56,"column":null}},"line":11}},"branchMap":{"0":{"loc":{"start":{"line":13,"column":2},"end":{"line":22,"column":null}},"type":"if","locations":[{"start":{"line":13,"column":2},"end":{"line":22,"column":null}},{"start":{},"end":{}}],"line":13},"1":{"loc":{"start":{"line":25,"column":2},"end":{"line":37,"column":null}},"type":"if","locations":[{"start":{"line":25,"column":2},"end":{"line":37,"column":null}},{"start":{},"end":{}}],"line":25},"2":{"loc":{"start":{"line":26,"column":4},"end":{"line":28,"column":null}},"type":"if","locations":[{"start":{"line":26,"column":4},"end":{"line":28,"column":null}},{"start":{},"end":{}}],"line":26},"3":{"loc":{"start":{"line":33,"column":12},"end":{"line":33,"column":null}},"type":"binary-expr","locations":[{"start":{"line":33,"column":12},"end":{"line":33,"column":41}},{"start":{"line":33,"column":41},"end":{"line":33,"column":null}}],"line":33},"4":{"loc":{"start":{"line":40,"column":2},"end":{"line":46,"column":null}},"type":"if","locations":[{"start":{"line":40,"column":2},"end":{"line":46,"column":null}},{"start":{},"end":{}}],"line":40},"5":{"loc":{"start":{"line":40,"column":6},"end":{"line":40,"column":51}},"type":"binary-expr","locations":[{"start":{"line":40,"column":6},"end":{"line":40,"column":30}},{"start":{"line":40,"column":30},"end":{"line":40,"column":51}}],"line":40},"6":{"loc":{"start":{"line":43,"column":21},"end":{"line":43,"column":40}},"type":"binary-expr","locations":[{"start":{"line":43,"column":21},"end":{"line":43,"column":31}},{"start":{"line":43,"column":31},"end":{"line":43,"column":40}}],"line":43}},"s":{"0":57,"1":12,"2":12,"3":45,"4":23,"5":1,"6":23,"7":23,"8":22,"9":20,"10":20,"11":20,"12":2,"13":2},"f":{"0":57},"b":{"0":[12,45],"1":[23,22],"2":[1,22],"3":[23,2],"4":[20,2],"5":[22,20],"6":[20,0]},"meta":{"lastBranch":7,"lastFunction":1,"lastStatement":14,"seen":{"f:6:16:6:Infinity":0,"b:13:2:22:Infinity:undefined:undefined:undefined:undefined":0,"s:13:2:22:Infinity":0,"s:14:4:20:Infinity":1,"s:21:4:21:Infinity":2,"b:25:2:37:Infinity:undefined:undefined:undefined:undefined":1,"s:25:2:37:Infinity":3,"b:26:4:28:Infinity:undefined:undefined:undefined:undefined":2,"s:26:4:28:Infinity":4,"s:27:6:27:Infinity":5,"s:29:4:35:Infinity":6,"b:33:12:33:41:33:41:33:Infinity":3,"s:36:4:36:Infinity":7,"b:40:2:46:Infinity:undefined:undefined:undefined:undefined":4,"s:40:2:46:Infinity":8,"b:40:6:40:30:40:30:40:51":5,"s:41:14:41:Infinity":9,"s:42:4:44:Infinity":10,"b:43:21:43:31:43:31:43:40":6,"s:45:4:45:Infinity":11,"s:49:2:49:Infinity":12,"s:50:2:55:Infinity":13}}}
[...]
23:2:225:Infinity:undefined:undefined:undefined:undefined":28,"s:223:2:225:Infinity":66,"s:224:4:224:Infinity":67,"b:226:2:228:Infinity:undefined:undefined:undefined:undefined":29,"s:226:2:228:Infinity":68,"s:227:4:227:Infinity":69,"s:230:33:233:Infinity":70,"b:235:2:235:Infinity:undefined:undefined:undefined:undefined":30,"s:235:2:235:Infinity":71,"s:235:19:235:Infinity":72,"s:237:2:244:Infinity":73,"s:246:2:246:Infinity":74,"f:249:22:249:40":7,"s:250:36:254:Infinity":75,"b:256:2:256:Infinity:undefined:undefined:undefined:undefined":31,"s:256:2:256:Infinity":76,"s:256:13:256:Infinity":77,"b:257:2:257:Infinity:undefined:undefined:undefined:undefined":32,"s:257:2:257:Infinity":78,"s:257:17:257:Infinity":79,"b:258:2:260:Infinity:undefined:undefined:undefined:undefined":33,"s:258:2:260:Infinity":80,"s:259:4:259:Infinity":81,"b:261:2:263:Infinity:undefined:undefined:undefined:undefined":34,"s:261:2:263:Infinity":82,"s:262:4:262:Infinity":83,"s:265:33:268:Infinity":84,"b:270:2:270:Infinity:undefined:undefined:undefined:undefined":35,"s:270:2:270:Infinity":85,"s:270:19:270:Infinity":86,"s:272:2:278:Infinity":87,"s:280:2:280:Infinity":88,"f:283:22:283:43":8,"s:284:31:288:Infinity":89,"b:290:2:290:Infinity:undefined:undefined:undefined:undefined":36,"s:290:2:290:Infinity":90,"s:290:13:290:Infinity":91,"b:291:2:291:Infinity:undefined:undefined:undefined:undefined":37,"s:291:2:291:Infinity":92,"s:291:12:291:Infinity":93,"b:292:2:294:Infinity:undefined:undefined:undefined:undefined":38,"s:292:2:294:Infinity":94,"s:293:4:293:Infinity":95,"s:296:33:299:Infinity":96,"b:301:2:301:Infinity:undefined:undefined:undefined:undefined":39,"s:301:2:301:Infinity":97,"s:301:19:301:Infinity":98,"s:303:2:309:Infinity":99,"s:311:2:311:Infinity":100,"f:314:22:314:41":9,"s:315:26:321:Infinity":101,"b:323:2:323:Infinity:undefined:undefined:undefined:undefined":40,"s:323:2:323:Infinity":102,"s:323:13:323:Infinity":103,"s:324:2:324:Infinity":104,"b:324:9:324:17:324:17:324:Infinity":41,"f:327:22:327:44":10,"s:328:26:333:Infinity":105,"b:335:2:338:Infinity:undefined:undefined:undefined:undefined":42,"s:335:2:338:Infinity":106,"s:336:4:336:Infinity":107,"s:337:4:337:Infinity":108,"s:339:2:339:Infinity":109,"b:339:9:339:17:339:17:339:Infinity":43,"f:344:22:344:39":11,"s:349:15:349:Infinity":110,"s:350:19:350:Infinity":111,"b:351:2:351:Infinity:undefined:undefined:undefined:undefined":44,"s:351:2:351:Infinity":112,"s:351:16:351:Infinity":113,"s:352:22:352:Infinity":114,"b:352:52:352:88:352:88:352:Infinity":45,"b:352:22:352:34:352:34:352:52":46,"s:353:2:353:Infinity":115}}}
,"/home/kiendrebeogo-moussa/projects/LibraFlow/backend/src/utils/asyncHandler.ts": {"path":"/home/kiendrebeogo-moussa/projects/LibraFlow/backend/src/utils/asyncHandler.ts","statementMap":{"0":{"start":{"line":10,"column":2},"end":{"line":12,"column":null}},"1":{"start":{"line":11,"column":4},"end":{"line":11,"column":null}}},"fnMap":{"0":{"name":"asyncHandler","decl":{"start":{"line":7,"column":16},"end":{"line":7,"column":null}},"loc":{"start":{"line":9,"column":18},"end":{"line":13,"column":null}},"line":9},"1":{"name":"(anonymous_1)","decl":{"start":{"line":10,"column":2},"end":{"line":10,"column":10}},"loc":{"start":{"line":10,"column":29},"end":{"line":12,"column":null}},"line":10}},"branchMap":{},"s":{"0":800,"1":125},"f":{"0":800,"1":125},"b":{},"meta":{"lastBranch":0,"lastFunction":2,"lastStatement":2,"seen":{"f:7:16:7:Infinity":0,"s:10:2:12:Infinity":0,"f:10:2:10:10":1,"s:11:4:11:Infinity":1}}}
,"/home/kiendrebeogo-moussa/projects/LibraFlow/backend/src/utils/errors.ts": {"path":"/home/kiendrebeogo-moussa/projects/LibraFlow/backend/src/utils/errors.ts","statementMap":{"0":{"start":{"line":19,"column":4},"end":{"line":19,"column":null}},"1":{"start":{"line":20,"column":4},"end":{"line":20,"column":null}},"2":{"start":{"line":21,"column":4},"end":{"line":21,"column":null}},"3":{"start":{"line":22,"column":4},"end":{"line":22,"column":null}},"4":{"start":{"line":23,"column":4},"end":{"line":23,"column":null}},"5":{"start":{"line":24,"column":4},"end":{"line":24,"column":null}},"6":{"start":{"line":25,"column":4},"end":{"line":25,"column":null}},"7":{"start":{"line":32,"column":4},"end":{"line":32,"column":null}},"8":{"start":{"line":39,"column":4},"end":{"line":39,"column":null}},"9":{"start":{"line":46,"column":4},"end":{"line":46,"column":null}},"10":{"start":{"line":53,"column":4},"end":{"line":53,"column":null}},"11":{"start":{"line":60,"column":4},"end":{"line":60,"column":null}},"12":{"start":{"line":67,"column":4},"end":{"line":67,"column":null}}},"fnMap":{"0":{"name":"(anonymous_0)","decl":{"start":{"line":12,"column":2},"end":{"line":12,"column":null}},"loc":{"start":{"line":18,"column":4},"end":{"line":26,"column":null}},"line":18},"1":{"name":"(anonymous_1)","decl":{"start":{"line":31,"column":2},"end":{"line":31,"column":14}},"loc":{"start":{"line":31,"column":79},"end":{"line":33,"column":null}},"line":31},"2":{"name":"(anonymous_2)","decl":{"start":{"line":38,"column":2},"end":{"line":38,"column":14}},"loc":{"start":{"line":38,"column":97},"end":{"line":40,"column":null}},"line":38},"3":{"name":"(anonymous_3)","decl":{"start":{"line":45,"column":2},"end":{"line":45,"column":14}},"loc":{"start":{"line":45,"column":46},"end":{"line":47,"column":null}},"line":45},"4":{"name":"(anonymous_4)","decl":{"start":{"line":52,"column":2},"end":{"line":52,"column":14}},"loc":{"start":{"line":52,"column":72},"end":{"line":54,"column":null}},"line":52},"5":{"name":"(anonymous_5)","decl":{"start":{"line":59,"column":2},"end":{"line":59,"column":14}},"loc":{"start":{"line":59,"column":81},"end":{"line":61,"column":null}},"line":59},"6":{"name":"(anonymous_6)","decl":{"start":{"line":66,"column":2},"end":{"line":66,"column":14}},"loc":{"start":{"line":66,"column":51},"end":{"line":68,"column":null}},"line":66}},"branchMap":{"0":{"loc":{"start":{"line":14,"column":4},"end":{"line":14,"column":null}},"type":"default-arg","locations":[{"start":{"line":14,"column":25},"end":{"line":14,"column":null}}],"line":14},"1":{"loc":{"start":{"line":15,"column":4},"end":{"line":15,"column":null}},"type":"default-arg","locations":[{"start":{"line":15,"column":19},"end":{"line":15,"column":null}}],"line":15},"2":{"loc":{"start":{"line":17,"column":4},"end":{"line":17,"column":null}},"type":"default-arg","locations":[{"start":{"line":17,"column":29},"end":{"line":17,"column":null}}],"line":17},"3":{"loc":{"start":{"line":31,"column":14},"end":{"line":31,"column":48}},"type":"default-arg","locations":[{"start":{"line":31,"column":32},"end":{"line":31,"column":48}}],"line":31},"4":{"loc":{"start":{"line":31,"column":48},"end":{"line":31,"column":79}},"type":"default-arg","locations":[{"start":{"line":31,"column":63},"end":{"line":31,"column":79}}],"line":31},"5":{"loc":{"start":{"line":38,"column":14},"end":{"line":38,"column":50}},"type":"default-arg","locations":[{"start":{"line":38,"column":32},"end":{"line":38,"column":50}}],"line":38},"6":{"loc":{"start":{"line":38,"column":50},"end":{"line":38,"column":78}},"type":"default-arg","locations":[{"start":{"line":38,"column":65},"end":{"line":38,"column":78}}],"line":38},"7":{"loc":{"start":{"line":45,"column":14},"end":{"line":45,"column":46}},"type":"default-arg","locations":[{"start":{"line":45,"column":33},"end":{"line":45,"column":46}}],"line":45},"8":{"loc":{"start":{"line":52,"column":14},"end":{"line":52,"column":53}},"type":"default-arg","locations":[{"start":{"line":52,"column":32},"end":{"line":52,"column":53}}],"line":52},"9":{"loc":{"start":{"line":59,"column":14},"end":{"line":59,"column":54}},"type":"default-arg","locations":[{"start":{"line":59,"column":32},"end":{"line":59,"column":54}}],"line":59},"10":{"loc":{"start":{"line":59,"column":54},"end":{"line":59,"column":81}},"type":"default-arg","locations":[{"start":{"line":59,"column":69},"end":{"line":59,"column":81}}],"line":59},"11":{"loc":{"start":{"line":66,"column":14},"end":{"line":66,"column":51}},"type":"default-arg","locations":[{"start":{"line":66,"column":32},"end":{"line":66,"column":51}}],"line":66}},"s":{"0":125,"1":125,"2":125,"3":125,"4":125,"5":125,"6":125,"7":25,"8":17,"9":41,"10":20,"11":7,"12":8},"f":{"0":125,"1":25,"2":17,"3":41,"4":20,"5":7,"6":8},"b":{"0":[125],"1":[125],"2":[125],"3":[25],"4":[25],"5":[17],"6":[17],"7":[41],"8":[20],"9":[7],"10":[7],"11":[8]},"meta":{"lastBranch":12,"lastFunction":7,"lastStatement":13,"seen":{"f:12:2:12:Infinity":0,"b:14:25:14:Infinity":0,"b:15:19:15:Infinity":1,"b:17:29:17:Infinity":2,"s:19:4:19:Infinity":0,"s:20:4:20:Infinity":1,"s:21:4:21:Infinity":2,"s:22:4:22:Infinity":3,"s:23:4:23:Infinity":4,"s:24:4:24:Infinity":5,"s:25:4:25:Infinity":6,"f:31:2:31:14":1,"b:31:32:31:48":3,"b:31:63:31:79":4,"s:32:4:32:Infinity":7,"f:38:2:38:14":2,"b:38:32:38:50":5,"b:38:65:38:78":6,"s:39:4:39:Infinity":8,"f:45:2:45:14":3,"b:45:33:45:46":7,"s:46:4:46:Infinity":9,"f:52:2:52:14":4,"b:52:32:52:53":8,"s:53:4:53:Infinity":10,"f:59:2:59:14":5,"b:59:32:59:54":9,"b:59:69:59:81":10,"s:60:4:60:Infinity":11,"f:66:2:66:14":6,"b:66:32:66:51":11,"s:67:4:67:Infinity":12}}}
,"/home/kiendrebeogo-moussa/projects/LibraFlow/backend/src/utils/logger.ts": {"path":"/home/kiendrebeogo-moussa/projects/LibraFlow/backend/src/utils/logger.ts","statementMap":{"0":{"start":{"line":3,"column":14},"end":{"line":3,"column":null}},"1":{"start":{"line":5,"column":6},"end":{"line":10,"column":null}}},"fnMap":{},"branchMap":{"0":{"loc":{"start":{"line":6,"column":9},"end":{"line":6,"column":null}},"type":"cond-expr","locations":[{"start":{"line":6,"column":17},"end":{"line":6,"column":27}},{"start":{"line":6,"column":27},"end":{"line":6,"column":null}}],"line":6},"1":{"loc":{"start":{"line":7,"column":13},"end":{"line":9,"column":null}},"type":"cond-expr","locations":[{"start":{"line":8,"column":6},"end":{"line":8,"column":null}},{"start":{"line":9,"column":6},"end":{"line":9,"column":null}}],"line":7}},"s":{"0":20,"1":20},"f":{},"b":{"0":[20,0],"1":[20,0]},"meta":{"lastBranch":2,"lastFunction":0,"lastStatement":2,"seen":{"s:3:14:3:Infinity":0,"s:5:6:10:Infinity":1,"b:6:17:6:27:6:27:6:Infinity":0,"b:8:6:8:Infinity:9:6:9:Infinity":1}}}
,"/home/kiendrebeogo-moussa/projects/LibraFlow/backend/src/validators/auth.validators.ts": {"path":"/home/kiendrebeogo-moussa/projects/LibraFlow/backend/src/validators/auth.validators.ts","statementMap":{"0":{"start":{"line":3,"column":23},"end":{"line":7,"column":null}},"1":{"start":{"line":9,"column":37},"end":{"line":11,"column":null}},"2":{"start":{"line":13,"column":38},"end":{"line":17,"column":null}},"3":{"start":{"line":19,"column":40},"end":{"line":46,"column":null}},"4":{"start":{"line":24,"column":4},"end":{"line":43,"column":null}},"5":{"start":{"line":25,"column":30},"end":{"line":25,"column":null}},"6":{"start":{"line":26,"column":6},"end":{"line":29,"column":null}},"7":{"start":{"line":27,"column":8},"end":{"line":27,"column":null}},"8":{"start":{"line":28,"column":8},"end":{"line":28,"column":null}},"9":{"start":{"line":30,"column":18},"end":{"line":30,"column":null}},"10":{"start":{"line":31,"column":6},"end":{"line":34,"column":null}},"11":{"start":{"line":31,"column":41},"end":{"line":31,"column":62}},"12":{"start":{"line":32,"column":8},"end":{"line":32,"column":null}},"13":{"start":{"line":33,"column":8},"end":{"line":33,"column":null}},"14":{"start":{"line":35,"column":6},"end":{"line":38,"column":null}},"15":{"start":{"line":36,"column":8},"end":{"line":36,"column":null}},"16":{"start":{"line":37,"column":8},"end":{"line":37,"column":null}},"17":{"start":{"line":39,"column":6},"end":{"line":39,"column":null}},"18":{"start":{"line":41,"column":6},"end":{"line":41,"column":null}},"19":{"start":{"line":42,"column":6},"end":{"line":42,"column":null}},"20":{"start":{"line":48,"column":40},"end":{"line":66,"column":null}},"21":{"start":{"line":57,"column":4},"end":{"line":57,"column":null}},"22":{"start":{"line":57,"column":12},"end":{"line":57,"column":null}},"23":{"start":{"line":58,"column":14},"end":{"line":58,"column":null}},"24":{"start":{"line":59,"column":4},"end":{"line":59,"column":null}},"25":{"start":{"line":62,"column":4},"end":{"line":62,"column":null}},"26":{"start":{"line":62,"column":12},"end":{"line":62,"column":null}},"27":{"start":{"line":63,"column":14},"end":{"line":63,"column":null}},"28":{"start":{"line":64,"column":4},"end":{"line":64,"column":null}},"29":{"start":{"line":68,"column":27},"end":{"line":71,"column":null}},"30":{"start":{"line":73,"column":34},"end":{"line":75,"column":null}},"31":{"start":{"line":77,"column":28},"end":{"line":79,"column":null}}},"fnMap":{"0":{"name":"(anonymous_0)","decl":{"start":{"line":23,"column":23},"end":{"line":23,"column":34}},"loc":{"start":{"line":23,"column":57},"end":{"line":44,"column":3}},"line":23},"1":{"name":"(anonymous_1)","decl":{"start":{"line":31,"column":15},"end":{"line":31,"column":22}},"loc":{"start":{"line":31,"column":41},"end":{"line":31,"column":62}},"line":31},"2":{"name":"(anonymous_2)","decl":{"start":{"line":56,"column":34},"end":{"line":56,"column":45}},"loc":{"start":{"line":56,"column":51},"end":{"line":60,"column":3}},"line":56},"3":{"name":"(anonymous_3)","decl":{"start":{"line":61,"column":35},"end":{"line":61,"column":46}},"loc":{"start":{"line":61,"column":52},"end":{"line":65,"column":3}},"line":61}},"branchMap":{"0":{"loc":{"start":{"line":26,"column":6},"end":{"line":29,"column":null}},"type":"if","locations":[{"start":{"line":26,"column":6},"end":{"line":29,"column":null}},{"start":{},"end":{}}],"line":26},"1":{"loc":{"start":{"line":31,"column":6},"end":{"line":34,"column":null}},"type":"if","locations":[{"start":{"line":31,"column":6},"end":{"line":34,"column":null}},{"start":{},"end":{}}],"line":31},"2":{"loc":{"start":{"line":35,"column":6},"end":{"line":38,"column":null}},"type":"if","locations":[{"start":{"line":35,"column":6},"end":{"line":38,"column":null}},{"start":{},"end":{}}],"line":35},"3":{"loc":{"start":{"line":57,"column":4},"end":{"line":57,"column":null}},"type":"if","locations":[{"start":{"line":57,"column":4},"end":{"line":57,"column":null}},{"start":{},"end":{}}],"line":57},"4":{"loc":{"start":{"line":59,"column":11},"end":{"line":59,"column":null}},"type":"cond-expr","locations":[{"start":{"line":59,"column":22},"end":{"line":59,"column":34}},{"start":{"line":59,"column":34},"end":{"line":59,"column":null}}],"line":59},"5":{"loc":{"start":{"line":62,"column":4},"end":{"line":62,"column":null}},"type":"if","locations":[{"start":{"line":62,"column":4},"end":{"line":62,"column":null}},{"start":{},"end":{}}],"line":62},"6":{"loc":{"start":{"line":64,"column":11},"end":{"line":64,"column":null}},"type":"cond-expr","locations":[{"start":{"line":64,"column":22},"end":{"line":64,"column":34}},{"start":{"line":64,"column":34},"end":{"line":64,"column":null}}],"line":64}},"s":{"0":11,"1":11,"2":11,"3":11,"4":6,"5":6,"6":6,"7":1,"8":1,"9":4,"10":4,"11":4,"12":1,"13":1,"14":3,"15":1,"16":1,"17":2,"18":1,"19":1,"20":11,"21":7,"22":3,"23":4,"24":4,"25":7,"26":4,"27":3,"28":3,"29":11,"30":11,"31":11},"f":{"0":6,"1":4,"2":7,"3":7},"b":{"0":[1,5],"1":[1,3],"2":[1,2],"3":[3,4],"4":[2,2],"5":[4,3],"6":[1,2]},"meta":{"lastBranch":7,"lastFunction":4,"lastStatement":32,"seen":{"s:3:23:7:Infinity":0,"s:9:37:11:Infinity":1,"s:13:38:17:Infinity":2,"s:19:40:46:Infinity":3,"f:23:23:23:34":0,"s:24:4:43:Infinity":4,"s:25:30:25:Infinity":5,"b:26:6:29:Infinity:undefined:undefined:undefined:undefined":0,"s:26:6:29:Infinity":6,"s:27:8:27:Infinity":7,"s:28:8:28:Infinity":8,"s:30:18:30:Infinity":9,"b:31:6:34:Infinity:undefined:undefined:undefined:undefined":1,"s:31:6:34:Infinity":10,"f:31:15:31:22":1,"s:31:41:31:62":11,"s:32:8:32:Infinity":12,"s:33:8:33:Infinity":13,"b:35:6:38:Infinity:undefined:undefined:undefined:undefined":2,"s:35:6:38:Infinity":14,"s:36:8:36:Infinity":15,"s:37:8:37:Infinity":16,"s:39:6:39:Infinity":17,"s:41:6:41:Infinity":18,"s:42:6:42:Infinity":19,"s:48:40:66:Infinity":20,"f:56:34:56:45":2,"b:57:4:57:Infinity:undefined:undefined:undefined:undefined":3,"s:57:4:57:Infinity":21,"s:57:12:57:Infinity":22,"s:58:14:58:Infinity":23,"s:59:4:59:Infinity":24,"b:59:22:59:34:59:34:59:Infinity":4,"f:61:35:61:46":3,"b:62:4:62:Infinity:undefined:undefined:undefined:undefined":5,"s:62:4:62:Infinity":25,"s:62:12:62:Infinity":26,"s:63:14:63:Infinity":27,"s:64:4:64:Infinity":28,"b:64:22:64:34:64:34:64:Infinity":6,"s:68:27:71:Infinity":29,"s:73:34:75:Infinity":30,"s:77:28:79:Infinity":31}}}
,"/home/kiendrebeogo-moussa/projects/LibraFlow/backend/src/validators/interactions.validators.ts": {"path":"/home/kiendrebeogo-moussa/projects/LibraFlow/backend/src/validators/interactions.validators.ts","statementMap":{"0":{"start":{"line":3,"column":37},"end":{"line":6,"column":null}},"1":{"start":{"line":9,"column":33},"end":{"line":12,"column":null}}},"fnMap":{},"branchMap":{},"s":{"0":10,"1":10},"f":{},"b":{},"meta":{"lastBranch":0,"lastFunction":0,"lastStatement":2,"seen":{"s:3:37:6:Infinity":0,"s:9:33:12:Infinity":1}}}
,"/home/kiendrebeogo-moussa/projects/LibraFlow/backend/src/validators/me.validators.ts": {"path":"/home/kiendrebeogo-moussa/projects/LibraFlow/backend/src/validators/me.validators.ts","statementMap":{"0":{"start":{"line":3,"column":35},"end":{"line":6,"column":null}},"1":{"start":{"line":9,"column":36},"end":{"line":12,"column":null}}},"fnMap":{},"branchMap":{},"s":{"0":10,"1":10},"f":{},"b":{},"meta":{"lastBranch":0,"lastFunction":0,"lastStatement":2,"seen":{"s:3:35:6:Infinity":0,"s:9:36:12:Infinity":1}}}
,"/home/kiendrebeogo-moussa/projects/LibraFlow/backend/src/validators/ministere.validators.ts": {"path":"/home/kiendrebeogo-moussa/projects/LibraFlow/backend/src/validators/ministere.validators.ts","statementMap":{"0":{"start":{"line":3,"column":31},"end":{"line":5,"column":null}},"1":{"start":{"line":7,"column":27},"end":{"line":9,"column":null}}},"fnMap":{},"branchMap":{},"s":{"0":10,"1":10},"f":{},"b":{},"meta":{"lastBranch":0,"lastFunction":0,"lastStatement":2,"seen":{"s:3:31:5:Infinity":0,"s:7:27:9:Infinity":1}}}
,"/home/kiendrebeogo-moussa/projects/LibraFlow/backend/src/validators/publications.validators.ts": {"path":"/home/kiendrebeogo-moussa/projects/LibraFlow/backend/src/validators/publications.validators.ts","statementMap":{"0":{"start":{"line":3,"column":39},"end":{"line":9,"column":null}},"1":{"start":{"line":12,"column":39},"end":{"line":17,"column":null}},"2":{"start":{"line":15,"column":17},"end":{"line":15,"column":71}},"3":{"start":{"line":20,"column":40},"end":{"line":30,"column":null}},"4":{"start":{"line":33,"column":31},"end":{"line":36,"column":null}},"5":{"start":{"line":38,"column":30},"end":{"line":41,"column":null}},"6":{"start":{"line":44,"column":25},"end":{"line":46,"column":null}}},"fnMap":{"0":{"name":"(anonymous_0)","decl":{"start":{"line":15,"column":3},"end":{"line":15,"column":11}},"loc":{"start":{"line":15,"column":17},"end":{"line":15,"column":71}},"line":15}},"branchMap":{"0":{"loc":{"start":{"line":15,"column":17},"end":{"line":15,"column":71}},"type":"binary-expr","locations":[{"start":{"line":15,"column":17},"end":{"line":15,"column":42}},{"start":{"line":15,"column":42},"end":{"line":15,"column":71}}],"line":15}},"s":{"0":11,"1":11,"2":6,"3":11,"4":11,"5":11,"6":11},"f":{"0":6},"b":{"0":[6,3]},"meta":{"lastBranch":1,"lastFunction":1,"lastStatement":7,"seen":{"s:3:39:9:Infinity":0,"s:12:39:17:Infinity":1,"f:15:3:15:11":0,"s:15:17:15:71":2,"b:15:17:15:42:15:42:15:71":0,"s:20:40:30:Infinity":3,"s:33:31:36:Infinity":4,"s:38:30:41:Infinity":5,"s:44:25:46:Infinity":6}}}
,"/home/kiendrebeogo-moussa/projects/LibraFlow/backend/src/validators/universite.validators.ts": {"path":"/home/kiendrebeogo-moussa/projects/LibraFlow/backend/src/validators/universite.validators.ts","statementMap":{"0":{"start":{"line":3,"column":27},"end":{"line":5,"column":null}}},"fnMap":{},"branchMap":{},"s":{"0":10},"f":{},"b":{},"meta":{"lastBranch":0,"lastFunction":0,"lastStatement":1,"seen":{"s:3:27:5:Infinity":0}}}
}
